Using pre-set license
Built from '2020.3/release' branch; Version is '2020.3.15f2 (6cf78cb77498) revision 7141260'; Using compiler version '192528614'; Build Type 'Release'
OS: 'Windows 10 Pro; OS build 19042.1387; Version 2009; 64bit' Language: 'pt' Physical Memory: 8136 MB
BatchMode: 1, IsHumanControllingUs: 0, StartBugReporterOnCrash: 0, Is64bit: 1, IsPro: 0

 COMMAND LINE ARGUMENTS:
C:\Program Files\Unity\Hub\Editor\2020.3.15f2\Editor\Unity.exe
-adb2
-batchMode
-noUpm
-name
AssetImportWorker0
-projectPath
C:/Users/Usu치rio/Documents/GitHub/Roller-Madness/Roller Madness
-logFile
Logs/AssetImportWorker0.log
-srvPort
52371
Successfully changed project path to: C:/Users/Usu치rio/Documents/GitHub/Roller-Madness/Roller Madness
C:/Users/Usu치rio/Documents/GitHub/Roller-Madness/Roller Madness
Using Asset Import Pipeline V2.
Refreshing native plugins compatible for Editor in 34.10 ms, found 2 plugins.
Preloading 0 native plugins for Editor in 0.00 ms.
Initialize engine version: 2020.3.15f2 (6cf78cb77498)
[Subsystems] Discovering subsystems at path C:/Program Files/Unity/Hub/Editor/2020.3.15f2/Editor/Data/Resources/UnitySubsystems
[Subsystems] Discovering subsystems at path C:/Users/Usu치rio/Documents/GitHub/Roller-Madness/Roller Madness/Assets
GfxDevice: creating device client; threaded=0
Direct3D:
    Version:  Direct3D 11.0 [level 11.1]
    Renderer: NVIDIA GeForce GTX 1650 (ID=0x1f82)
    Vendor:   
    VRAM:     3962 MB
    Driver:   30.0.14.7141
Initialize mono
Mono path[0] = 'C:/Program Files/Unity/Hub/Editor/2020.3.15f2/Editor/Data/Managed'
Mono path[1] = 'C:/Program Files/Unity/Hub/Editor/2020.3.15f2/Editor/Data/MonoBleedingEdge/lib/mono/unityjit'
Mono config path = 'C:/Program Files/Unity/Hub/Editor/2020.3.15f2/Editor/Data/MonoBleedingEdge/etc'
Using monoOptions --debugger-agent=transport=dt_socket,embedding=1,server=y,suspend=n,address=127.0.0.1:56012
Begin MonoManager ReloadAssembly
Registering precompiled unity dll's ...
Register platform support module: C:/Program Files/Unity/Hub/Editor/2020.3.15f2/Editor/Data/PlaybackEngines/WebGLSupport/UnityEditor.WebGL.Extensions.dll
Register platform support module: C:/Program Files/Unity/Hub/Editor/2020.3.15f2/Editor/Data/PlaybackEngines/WindowsStandaloneSupport/UnityEditor.WindowsStandalone.Extensions.dll
Registered in 0.002333 seconds.
Native extension for WindowsStandalone target not found
Native extension for WebGL target not found
Refreshing native plugins compatible for Editor in 31.09 ms, found 2 plugins.
Preloading 0 native plugins for Editor in 0.00 ms.
Mono: successfully reloaded assembly
- Completed reload, in  1.699 seconds
Domain Reload Profiling:
	ReloadAssembly (1699ms)
		BeginReloadAssembly (49ms)
			ExecutionOrderSort (0ms)
			DisableScriptedObjects (0ms)
			BackupInstance (0ms)
			ReleaseScriptingObjects (0ms)
			CreateAndSetChildDomain (1ms)
		EndReloadAssembly (378ms)
			LoadAssemblies (48ms)
			RebuildTransferFunctionScriptingTraits (0ms)
			SetupTypeCache (142ms)
			ReleaseScriptCaches (0ms)
			RebuildScriptCaches (30ms)
			SetupLoadedEditorAssemblies (142ms)
				LogAssemblyErrors (0ms)
				InitializePlatformSupportModulesInManaged (4ms)
				SetLoadedEditorAssemblies (0ms)
				RefreshPlugins (31ms)
				BeforeProcessingInitializeOnLoad (9ms)
				ProcessInitializeOnLoadAttributes (73ms)
				ProcessInitializeOnLoadMethodAttributes (24ms)
				AfterProcessingInitializeOnLoad (0ms)
				EditorAssembliesLoaded (0ms)
			ExecutionOrderSort2 (0ms)
			AwakeInstancesAfterBackupRestoration (0ms)
Platform modules already initialized, skipping
Registering precompiled user dll's ...
Registered in 0.003995 seconds.
Begin MonoManager ReloadAssembly
Native extension for WindowsStandalone target not found
Native extension for WebGL target not found
Refreshing native plugins compatible for Editor in 0.35 ms, found 2 plugins.
Preloading 0 native plugins for Editor in 0.00 ms.
Mono: successfully reloaded assembly
- Completed reload, in  0.984 seconds
Domain Reload Profiling:
	ReloadAssembly (985ms)
		BeginReloadAssembly (132ms)
			ExecutionOrderSort (0ms)
			DisableScriptedObjects (5ms)
			BackupInstance (0ms)
			ReleaseScriptingObjects (0ms)
			CreateAndSetChildDomain (17ms)
		EndReloadAssembly (796ms)
			LoadAssemblies (79ms)
			RebuildTransferFunctionScriptingTraits (0ms)
			SetupTypeCache (245ms)
			ReleaseScriptCaches (0ms)
			RebuildScriptCaches (39ms)
			SetupLoadedEditorAssemblies (349ms)
				LogAssemblyErrors (0ms)
				InitializePlatformSupportModulesInManaged (5ms)
				SetLoadedEditorAssemblies (0ms)
				RefreshPlugins (0ms)
				BeforeProcessingInitializeOnLoad (88ms)
				ProcessInitializeOnLoadAttributes (245ms)
				ProcessInitializeOnLoadMethodAttributes (3ms)
				AfterProcessingInitializeOnLoad (6ms)
				EditorAssembliesLoaded (0ms)
			ExecutionOrderSort2 (0ms)
			AwakeInstancesAfterBackupRestoration (6ms)
Platform modules already initialized, skipping
========================================================================
Worker process is ready to serve import requests
Launched and connected shader compiler UnityShaderCompiler.exe after 0.07 seconds
Refreshing native plugins compatible for Editor in 0.34 ms, found 2 plugins.
Preloading 0 native plugins for Editor in 0.00 ms.
Unloading 1531 Unused Serialized files (Serialized files now loaded: 0)
System memory in use before: 78.5 MB.
System memory in use after: 78.2 MB.

Unloading 20 unused Assets to reduce memory usage. Loaded Objects now: 1972.
Total: 2.264200 ms (FindLiveObjects: 0.141100 ms CreateObjectMapping: 0.046200 ms MarkObjects: 1.786700 ms  DeleteObjects: 0.289300 ms)

AssetImportParameters requested are different than current active one (requested -> active):
  custom:framework-win-MediaFoundation: 216162199b28c13a410421893ffa2e32 -> 
  custom:video-decoder-ogg-theora: a1e56fd34408186e4bbccfd4996cb3dc -> 
  custom:container-muxer-webm: aa71ff27fc2769a1b78a27578f13a17b -> 
  custom:container-demuxer-webm: 4f35f7cbe854078d1ac9338744f61a02 -> 
  custom:container-demuxer-ogg: 62fdf1f143b41e24485cea50d1cbac27 -> 
  custom:video-encoder-webm-vp8: eb34c28f22e8b96e1ab97ce403110664 -> 
  custom:video-decoder-webm-vp8: 9c59270c3fd7afecdb556c50c9e8de78 -> 
  custom:audio-decoder-ogg-vorbis: bf7c407c2cedff20999df2af8eb42d56 -> 
  custom:audio-encoder-webm-vorbis: bf7c407c2cedff20999df2af8eb42d56 -> 
========================================================================
Received Import Request.
  path: Assets/Scenes/Fase1
  artifactKey: Guid(77e843d3c76ae9e4c868527c42675394) Importer(815301076,1909f56bfc062723c751e8b465ee728b)
Start importing Assets/Scenes/Fase1 using Guid(77e843d3c76ae9e4c868527c42675394) Importer(815301076,1909f56bfc062723c751e8b465ee728b)  -> (artifact id: 'f11f0b4e31aab0a64e1bd396bd2437ef') in 0.008279 seconds 
  Import took 0.011446 seconds .

========================================================================
Received Import Request.
  Time since last request: 0.000237 seconds.
  path: Assets/Scenes/Fase1.unity
  artifactKey: Guid(0dfd9a0e58f79c34baa6700140b230d5) Importer(815301076,1909f56bfc062723c751e8b465ee728b)
Start importing Assets/Scenes/Fase1.unity using Guid(0dfd9a0e58f79c34baa6700140b230d5) Importer(815301076,1909f56bfc062723c751e8b465ee728b)  -> (artifact id: '7cec5bb5d9019aad9a8cc09a0cc264af') in 0.012946 seconds 
  Import took 0.016679 seconds .

========================================================================
Received Import Request.
  Time since last request: 12.507300 seconds.
  path: Assets/Scenes/Fase1 1.unity
  artifactKey: Guid(255401cba0d10c3488b09ea32a7c028e) Importer(815301076,1909f56bfc062723c751e8b465ee728b)
Start importing Assets/Scenes/Fase1 1.unity using Guid(255401cba0d10c3488b09ea32a7c028e) Importer(815301076,1909f56bfc062723c751e8b465ee728b)  -> (artifact id: '10e1b454a938acd017a9842cb4c702b6') in 0.007110 seconds 
  Import took 0.009441 seconds .

========================================================================
Received Import Request.
  Time since last request: 3.681240 seconds.
  path: Assets/Scenes/Fase2.unity
  artifactKey: Guid(255401cba0d10c3488b09ea32a7c028e) Importer(815301076,1909f56bfc062723c751e8b465ee728b)
Start importing Assets/Scenes/Fase2.unity using Guid(255401cba0d10c3488b09ea32a7c028e) Importer(815301076,1909f56bfc062723c751e8b465ee728b)  -> (artifact id: 'e3be02ce15c3d19882523d2adf7f6895') in 0.006185 seconds 
  Import took 0.009462 seconds .

========================================================================
Received Import Request.
  Time since last request: 399.144119 seconds.
  path: Assets/Scripts/TriggerLevelLoad.cs
  artifactKey: Guid(7060f0325a3264511918062bec9c608d) Importer(815301076,1909f56bfc062723c751e8b465ee728b)
Start importing Assets/Scripts/TriggerLevelLoad.cs using Guid(7060f0325a3264511918062bec9c608d) Importer(815301076,1909f56bfc062723c751e8b465ee728b)  -> (artifact id: '102b9b1165ee92958cfa68f639fb256c') in 0.033535 seconds 
  Import took 0.036243 seconds .

========================================================================
Received Import Request.
  Time since last request: 33.209952 seconds.
  path: Assets/Scenes/Fase2.unity
  artifactKey: Guid(255401cba0d10c3488b09ea32a7c028e) Importer(815301076,1909f56bfc062723c751e8b465ee728b)
Start importing Assets/Scenes/Fase2.unity using Guid(255401cba0d10c3488b09ea32a7c028e) Importer(815301076,1909f56bfc062723c751e8b465ee728b)  -> (artifact id: 'b6005e328e64eca91f85e729120363af') in 0.003027 seconds 
  Import took 0.005691 seconds .

========================================================================
Received Import Request.
  Time since last request: 90.193873 seconds.
  path: Assets/Scenes/Fase1.unity
  artifactKey: Guid(0dfd9a0e58f79c34baa6700140b230d5) Importer(815301076,1909f56bfc062723c751e8b465ee728b)
Start importing Assets/Scenes/Fase1.unity using Guid(0dfd9a0e58f79c34baa6700140b230d5) Importer(815301076,1909f56bfc062723c751e8b465ee728b)  -> (artifact id: '28ef5f668cca7f9f0907e464977b8272') in 0.002727 seconds 
  Import took 0.005607 seconds .

========================================================================
Received Import Request.
  Time since last request: 0.002105 seconds.
  path: Assets/Scenes/Fase1.unity
  artifactKey: Guid(0dfd9a0e58f79c34baa6700140b230d5) Importer(815301076,1909f56bfc062723c751e8b465ee728b)
Start importing Assets/Scenes/Fase1.unity using Guid(0dfd9a0e58f79c34baa6700140b230d5) Importer(815301076,1909f56bfc062723c751e8b465ee728b)  -> (artifact id: '28ef5f668cca7f9f0907e464977b8272') in 0.002385 seconds 
  Import took 0.004845 seconds .

AssetImportWorkerClient::OnTransportError - code=2 error=End of file
