Using pre-set license
Built from '2020.3/release' branch; Version is '2020.3.15f2 (6cf78cb77498) revision 7141260'; Using compiler version '192528614'; Build Type 'Release'
OS: 'Windows 10 Pro; OS build 19042.1348; Version 2009; 64bit' Language: 'pt' Physical Memory: 8108 MB
BatchMode: 1, IsHumanControllingUs: 0, StartBugReporterOnCrash: 0, Is64bit: 1, IsPro: 0

 COMMAND LINE ARGUMENTS:
C:\Program Files\Unity\Editor\2020.3.15f2\Editor\Unity.exe
-adb2
-batchMode
-noUpm
-name
AssetImportWorker0
-projectPath
C:/Users/maria/Documents/GitHub/Roller-Madness/Roller Madness
-logFile
Logs/AssetImportWorker0.log
-srvPort
53201
Successfully changed project path to: C:/Users/maria/Documents/GitHub/Roller-Madness/Roller Madness
C:/Users/maria/Documents/GitHub/Roller-Madness/Roller Madness
Using Asset Import Pipeline V2.
Refreshing native plugins compatible for Editor in 37.66 ms, found 2 plugins.
Preloading 0 native plugins for Editor in 0.00 ms.
Initialize engine version: 2020.3.15f2 (6cf78cb77498)
[Subsystems] Discovering subsystems at path C:/Program Files/Unity/Editor/2020.3.15f2/Editor/Data/Resources/UnitySubsystems
[Subsystems] Discovering subsystems at path C:/Users/maria/Documents/GitHub/Roller-Madness/Roller Madness/Assets
GfxDevice: creating device client; threaded=0
Direct3D:
    Version:  Direct3D 11.0 [level 11.1]
    Renderer: NVIDIA GeForce GTX 1650 (ID=0x1f82)
    Vendor:   
    VRAM:     3962 MB
    Driver:   30.0.14.7168
Initialize mono
Mono path[0] = 'C:/Program Files/Unity/Editor/2020.3.15f2/Editor/Data/Managed'
Mono path[1] = 'C:/Program Files/Unity/Editor/2020.3.15f2/Editor/Data/MonoBleedingEdge/lib/mono/unityjit'
Mono config path = 'C:/Program Files/Unity/Editor/2020.3.15f2/Editor/Data/MonoBleedingEdge/etc'
Using monoOptions --debugger-agent=transport=dt_socket,embedding=1,server=y,suspend=n,address=127.0.0.1:56524
Begin MonoManager ReloadAssembly
Registering precompiled unity dll's ...
Register platform support module: C:/Program Files/Unity/Editor/2020.3.15f2/Editor/Data/PlaybackEngines/WebGLSupport/UnityEditor.WebGL.Extensions.dll
Register platform support module: C:/Program Files/Unity/Editor/2020.3.15f2/Editor/Data/PlaybackEngines/WindowsStandaloneSupport/UnityEditor.WindowsStandalone.Extensions.dll
Registered in 0.002361 seconds.
Native extension for WindowsStandalone target not found
Native extension for WebGL target not found
Refreshing native plugins compatible for Editor in 33.07 ms, found 2 plugins.
Preloading 0 native plugins for Editor in 0.00 ms.
Mono: successfully reloaded assembly
- Completed reload, in  1.913 seconds
Domain Reload Profiling:
	ReloadAssembly (1913ms)
		BeginReloadAssembly (52ms)
			ExecutionOrderSort (0ms)
			DisableScriptedObjects (0ms)
			BackupInstance (0ms)
			ReleaseScriptingObjects (0ms)
			CreateAndSetChildDomain (1ms)
		EndReloadAssembly (399ms)
			LoadAssemblies (50ms)
			RebuildTransferFunctionScriptingTraits (0ms)
			SetupTypeCache (152ms)
			ReleaseScriptCaches (0ms)
			RebuildScriptCaches (29ms)
			SetupLoadedEditorAssemblies (147ms)
				LogAssemblyErrors (0ms)
				InitializePlatformSupportModulesInManaged (4ms)
				SetLoadedEditorAssemblies (0ms)
				RefreshPlugins (33ms)
				BeforeProcessingInitializeOnLoad (6ms)
				ProcessInitializeOnLoadAttributes (77ms)
				ProcessInitializeOnLoadMethodAttributes (26ms)
				AfterProcessingInitializeOnLoad (0ms)
				EditorAssembliesLoaded (0ms)
			ExecutionOrderSort2 (0ms)
			AwakeInstancesAfterBackupRestoration (0ms)
Platform modules already initialized, skipping
Registering precompiled user dll's ...
Registered in 0.004001 seconds.
Begin MonoManager ReloadAssembly
Native extension for WindowsStandalone target not found
Native extension for WebGL target not found
Refreshing native plugins compatible for Editor in 0.40 ms, found 2 plugins.
Preloading 0 native plugins for Editor in 0.00 ms.
Mono: successfully reloaded assembly
- Completed reload, in  1.029 seconds
Domain Reload Profiling:
	ReloadAssembly (1030ms)
		BeginReloadAssembly (138ms)
			ExecutionOrderSort (0ms)
			DisableScriptedObjects (4ms)
			BackupInstance (0ms)
			ReleaseScriptingObjects (0ms)
			CreateAndSetChildDomain (17ms)
		EndReloadAssembly (832ms)
			LoadAssemblies (82ms)
			RebuildTransferFunctionScriptingTraits (0ms)
			SetupTypeCache (259ms)
			ReleaseScriptCaches (0ms)
			RebuildScriptCaches (41ms)
			SetupLoadedEditorAssemblies (360ms)
				LogAssemblyErrors (0ms)
				InitializePlatformSupportModulesInManaged (6ms)
				SetLoadedEditorAssemblies (0ms)
				RefreshPlugins (0ms)
				BeforeProcessingInitializeOnLoad (53ms)
				ProcessInitializeOnLoadAttributes (290ms)
				ProcessInitializeOnLoadMethodAttributes (4ms)
				AfterProcessingInitializeOnLoad (6ms)
				EditorAssembliesLoaded (0ms)
			ExecutionOrderSort2 (0ms)
			AwakeInstancesAfterBackupRestoration (6ms)
Platform modules already initialized, skipping
========================================================================
Worker process is ready to serve import requests
Launched and connected shader compiler UnityShaderCompiler.exe after 0.26 seconds
Refreshing native plugins compatible for Editor in 0.44 ms, found 2 plugins.
Preloading 0 native plugins for Editor in 0.00 ms.
Unloading 1531 Unused Serialized files (Serialized files now loaded: 0)
System memory in use before: 78.5 MB.
System memory in use after: 78.3 MB.

Unloading 20 unused Assets to reduce memory usage. Loaded Objects now: 1972.
Total: 2.315700 ms (FindLiveObjects: 0.145200 ms CreateObjectMapping: 0.045300 ms MarkObjects: 1.827100 ms  DeleteObjects: 0.297100 ms)

AssetImportParameters requested are different than current active one (requested -> active):
  custom:framework-win-MediaFoundation: 216162199b28c13a410421893ffa2e32 -> 
  custom:video-decoder-ogg-theora: a1e56fd34408186e4bbccfd4996cb3dc -> 
  custom:container-muxer-webm: aa71ff27fc2769a1b78a27578f13a17b -> 
  custom:container-demuxer-webm: 4f35f7cbe854078d1ac9338744f61a02 -> 
  custom:container-demuxer-ogg: 62fdf1f143b41e24485cea50d1cbac27 -> 
  custom:video-encoder-webm-vp8: eb34c28f22e8b96e1ab97ce403110664 -> 
  custom:video-decoder-webm-vp8: 9c59270c3fd7afecdb556c50c9e8de78 -> 
  custom:audio-decoder-ogg-vorbis: bf7c407c2cedff20999df2af8eb42d56 -> 
  custom:audio-encoder-webm-vorbis: bf7c407c2cedff20999df2af8eb42d56 -> 
========================================================================
Received Import Request.
  path: Assets/Standard Assets
  artifactKey: Guid(9dc0b752df647c04e8fdbbf0533db65e) Importer(815301076,1909f56bfc062723c751e8b465ee728b)
Start importing Assets/Standard Assets using Guid(9dc0b752df647c04e8fdbbf0533db65e) Importer(815301076,1909f56bfc062723c751e8b465ee728b)  -> (artifact id: '6ff5e37c65df2b3d109f6c7e84052eee') in 0.007429 seconds 
  Import took 0.009754 seconds .

========================================================================
Received Import Request.
  Time since last request: 0.000240 seconds.
  path: Assets/Scenes
  artifactKey: Guid(bb8b908b7a9b1a84a9f07d85b4b02f79) Importer(815301076,1909f56bfc062723c751e8b465ee728b)
Start importing Assets/Scenes using Guid(bb8b908b7a9b1a84a9f07d85b4b02f79) Importer(815301076,1909f56bfc062723c751e8b465ee728b)  -> (artifact id: '29309418cd63c60cf0c717b77023942e') in 0.009368 seconds 
  Import took 0.012157 seconds .

========================================================================
Received Import Request.
  Time since last request: 0.074185 seconds.
  path: Assets/Scripts
  artifactKey: Guid(fa3c94c27a75d3d4a91276f215ccb877) Importer(815301076,1909f56bfc062723c751e8b465ee728b)
Start importing Assets/Scripts using Guid(fa3c94c27a75d3d4a91276f215ccb877) Importer(815301076,1909f56bfc062723c751e8b465ee728b)  -> (artifact id: '6092977482edc67c179b2efe98c59208') in 0.007358 seconds 
  Import took 0.009807 seconds .

========================================================================
Received Import Request.
  Time since last request: 0.000308 seconds.
  path: Assets/Scripts
  artifactKey: Guid(fa3c94c27a75d3d4a91276f215ccb877) Importer(815301076,1909f56bfc062723c751e8b465ee728b)
Start importing Assets/Scripts using Guid(fa3c94c27a75d3d4a91276f215ccb877) Importer(815301076,1909f56bfc062723c751e8b465ee728b)  -> (artifact id: '6092977482edc67c179b2efe98c59208') in 0.002091 seconds 
  Import took 0.004739 seconds .

========================================================================
Received Import Request.
  Time since last request: 60.712103 seconds.
  path: Assets/Standard Assets/Vehicles/Aircraft/Materials/AircraftFuselageGrey.mat
  artifactKey: Guid(141b5bb76b8b39342a5a787acbeaabfd) Importer(815301076,1909f56bfc062723c751e8b465ee728b)
Start importing Assets/Standard Assets/Vehicles/Aircraft/Materials/AircraftFuselageGrey.mat using Guid(141b5bb76b8b39342a5a787acbeaabfd) Importer(815301076,1909f56bfc062723c751e8b465ee728b)  -> (artifact id: '514ab6085b0848d5cb8458ba8a022918') in 0.171515 seconds 
  Import took 0.175601 seconds .

========================================================================
Received Import Request.
  Time since last request: 0.000175 seconds.
  path: Assets/Standard Assets/Vehicles/Aircraft/Materials/AircraftFuselageWhite.mat
  artifactKey: Guid(6f36a222811073946936cf1cdeb78f9c) Importer(815301076,1909f56bfc062723c751e8b465ee728b)
Start importing Assets/Standard Assets/Vehicles/Aircraft/Materials/AircraftFuselageWhite.mat using Guid(6f36a222811073946936cf1cdeb78f9c) Importer(815301076,1909f56bfc062723c751e8b465ee728b)  -> (artifact id: '98e1fdefe2f4c1328f40d040a667068f') in 0.044693 seconds 
  Import took 0.049051 seconds .

========================================================================
Received Import Request.
  Time since last request: 0.000305 seconds.
  path: Assets/Standard Assets/Vehicles/Aircraft/Materials/AircraftFuselageGrey.mat
  artifactKey: Guid(141b5bb76b8b39342a5a787acbeaabfd) Importer(815301076,1909f56bfc062723c751e8b465ee728b)
Start importing Assets/Standard Assets/Vehicles/Aircraft/Materials/AircraftFuselageGrey.mat using Guid(141b5bb76b8b39342a5a787acbeaabfd) Importer(815301076,1909f56bfc062723c751e8b465ee728b)  -> (artifact id: '514ab6085b0848d5cb8458ba8a022918') in 0.044161 seconds 
  Import took 0.048746 seconds .

========================================================================
Received Import Request.
  Time since last request: 0.000257 seconds.
  path: Assets/Standard Assets/Vehicles/Aircraft/Materials/AircraftFuselageWhite.mat
  artifactKey: Guid(6f36a222811073946936cf1cdeb78f9c) Importer(815301076,1909f56bfc062723c751e8b465ee728b)
Start importing Assets/Standard Assets/Vehicles/Aircraft/Materials/AircraftFuselageWhite.mat using Guid(6f36a222811073946936cf1cdeb78f9c) Importer(815301076,1909f56bfc062723c751e8b465ee728b)  -> (artifact id: '98e1fdefe2f4c1328f40d040a667068f') in 0.041421 seconds 
  Import took 0.045986 seconds .

========================================================================
Received Import Request.
  Time since last request: 0.000246 seconds.
  path: Assets/Standard Assets/Vehicles/Aircraft/Materials/AircraftWingsJetWhite.mat
  artifactKey: Guid(365a29a7757a91544b92d59a78390495) Importer(815301076,1909f56bfc062723c751e8b465ee728b)
Start importing Assets/Standard Assets/Vehicles/Aircraft/Materials/AircraftWingsJetWhite.mat using Guid(365a29a7757a91544b92d59a78390495) Importer(815301076,1909f56bfc062723c751e8b465ee728b)  -> (artifact id: 'a3f8e2033e6846e2e9595115f78579f5') in 0.043699 seconds 
  Import took 0.048775 seconds .

========================================================================
Received Import Request.
  Time since last request: 0.000214 seconds.
  path: Assets/Standard Assets/Vehicles/Aircraft/Materials/AircraftWingsPropellersWhite.mat
  artifactKey: Guid(ef1216aa37a0cc249a6a6f5abbd25665) Importer(815301076,1909f56bfc062723c751e8b465ee728b)
Start importing Assets/Standard Assets/Vehicles/Aircraft/Materials/AircraftWingsPropellersWhite.mat using Guid(ef1216aa37a0cc249a6a6f5abbd25665) Importer(815301076,1909f56bfc062723c751e8b465ee728b)  -> (artifact id: 'f804fb006f8724fa1471374d4f46b515') in 0.042525 seconds 
  Import took 0.047362 seconds .

========================================================================
Received Import Request.
  Time since last request: 0.000234 seconds.
  path: Assets/Standard Assets/Vehicles/Aircraft/Materials/AircraftWingsPropellerBlurWhite.mat
  artifactKey: Guid(f5a209142cf260f4a96ca747e0e4dadf) Importer(815301076,1909f56bfc062723c751e8b465ee728b)
Start importing Assets/Standard Assets/Vehicles/Aircraft/Materials/AircraftWingsPropellerBlurWhite.mat using Guid(f5a209142cf260f4a96ca747e0e4dadf) Importer(815301076,1909f56bfc062723c751e8b465ee728b)  -> (artifact id: '74e1fbd9507839cb6ce957d48ed41875') in 0.019543 seconds 
  Import took 0.022235 seconds .

========================================================================
Received Import Request.
  Time since last request: 0.000222 seconds.
  path: Assets/Standard Assets/Vehicles/Aircraft/Materials/AircraftWingsPropellersGrey.mat
  artifactKey: Guid(9cc96cc80c50454429965171ff4e500d) Importer(815301076,1909f56bfc062723c751e8b465ee728b)
Start importing Assets/Standard Assets/Vehicles/Aircraft/Materials/AircraftWingsPropellersGrey.mat using Guid(9cc96cc80c50454429965171ff4e500d) Importer(815301076,1909f56bfc062723c751e8b465ee728b)  -> (artifact id: '7839e15dffc917b627451ad443b10459') in 0.043166 seconds 
  Import took 0.047756 seconds .

========================================================================
Received Import Request.
  Time since last request: 0.000208 seconds.
  path: Assets/Standard Assets/Vehicles/Aircraft/Materials/AircraftWingsJetGrey.mat
  artifactKey: Guid(42672579dbdf2c8449598d21e2c569ec) Importer(815301076,1909f56bfc062723c751e8b465ee728b)
Start importing Assets/Standard Assets/Vehicles/Aircraft/Materials/AircraftWingsJetGrey.mat using Guid(42672579dbdf2c8449598d21e2c569ec) Importer(815301076,1909f56bfc062723c751e8b465ee728b)  -> (artifact id: '5002d54d520539509d69734e4998e7b9') in 0.043372 seconds 
  Import took 0.048176 seconds .

========================================================================
Received Import Request.
  Time since last request: 0.000211 seconds.
  path: Assets/Standard Assets/Vehicles/Aircraft/Materials/AircraftWingsPropellerBlurGrey.mat
  artifactKey: Guid(d5b08f0e43171dd468f4fed8bb5d0cea) Importer(815301076,1909f56bfc062723c751e8b465ee728b)
Start importing Assets/Standard Assets/Vehicles/Aircraft/Materials/AircraftWingsPropellerBlurGrey.mat using Guid(d5b08f0e43171dd468f4fed8bb5d0cea) Importer(815301076,1909f56bfc062723c751e8b465ee728b)  -> (artifact id: '201aa2cc6f442f66120a81c948838e32') in 0.012698 seconds 
  Import took 0.015489 seconds .

========================================================================
Received Import Request.
  Time since last request: 0.000221 seconds.
  path: Assets/Standard Assets/Vehicles/Aircraft/Materials/AircraftWingsJetGrey.mat
  artifactKey: Guid(42672579dbdf2c8449598d21e2c569ec) Importer(815301076,1909f56bfc062723c751e8b465ee728b)
Start importing Assets/Standard Assets/Vehicles/Aircraft/Materials/AircraftWingsJetGrey.mat using Guid(42672579dbdf2c8449598d21e2c569ec) Importer(815301076,1909f56bfc062723c751e8b465ee728b)  -> (artifact id: '5002d54d520539509d69734e4998e7b9') in 0.041441 seconds 
  Import took 0.045687 seconds .

========================================================================
Received Import Request.
  Time since last request: 0.000228 seconds.
  path: Assets/Standard Assets/Vehicles/Aircraft/Materials/AircraftWingsPropellerBlurGrey.mat
  artifactKey: Guid(d5b08f0e43171dd468f4fed8bb5d0cea) Importer(815301076,1909f56bfc062723c751e8b465ee728b)
Start importing Assets/Standard Assets/Vehicles/Aircraft/Materials/AircraftWingsPropellerBlurGrey.mat using Guid(d5b08f0e43171dd468f4fed8bb5d0cea) Importer(815301076,1909f56bfc062723c751e8b465ee728b)  -> (artifact id: '201aa2cc6f442f66120a81c948838e32') in 0.007671 seconds 
  Import took 0.010261 seconds .

========================================================================
Received Import Request.
  Time since last request: 3.570470 seconds.
  path: Assets/Standard Assets/Environment/SpeedTree/Conifer/Conifer_Desktop Materials/Billboard.mat
  artifactKey: Guid(e625f56663597ef4899f86b588b4d506) Importer(815301076,1909f56bfc062723c751e8b465ee728b)
Start importing Assets/Standard Assets/Environment/SpeedTree/Conifer/Conifer_Desktop Materials/Billboard.mat using Guid(e625f56663597ef4899f86b588b4d506) Importer(815301076,1909f56bfc062723c751e8b465ee728b)  -> (artifact id: '1db5a159d29b03da8a42c63e304acaf7') in 0.028046 seconds 
  Import took 0.030888 seconds .

========================================================================
Received Import Request.
  Time since last request: 0.000261 seconds.
  path: Assets/Standard Assets/Environment/SpeedTree/Broadleaf/Broadleaf_Mobile Materials/Billboard.mat
  artifactKey: Guid(8c1755df5f552e843b9f8485f72e71f8) Importer(815301076,1909f56bfc062723c751e8b465ee728b)
Start importing Assets/Standard Assets/Environment/SpeedTree/Broadleaf/Broadleaf_Mobile Materials/Billboard.mat using Guid(8c1755df5f552e843b9f8485f72e71f8) Importer(815301076,1909f56bfc062723c751e8b465ee728b)  -> (artifact id: '7a47bb0a8d9b6f993095dc9b8bade6c7') in 0.010820 seconds 
  Import took 0.013718 seconds .

========================================================================
Received Import Request.
  Time since last request: 1.376909 seconds.
  path: Assets/Standard Assets/Environment/SpeedTree/Palm/Palm_Desktop Materials/Billboard.mat
  artifactKey: Guid(6e680dda9368db5418f19388474277a2) Importer(815301076,1909f56bfc062723c751e8b465ee728b)
Start importing Assets/Standard Assets/Environment/SpeedTree/Palm/Palm_Desktop Materials/Billboard.mat using Guid(6e680dda9368db5418f19388474277a2) Importer(815301076,1909f56bfc062723c751e8b465ee728b)  -> (artifact id: '12cabc065788508a0ea16854ad8b6ff6') in 0.008576 seconds 
  Import took 0.011361 seconds .

========================================================================
Received Import Request.
  Time since last request: 0.000243 seconds.
  path: Assets/Standard Assets/Environment/SpeedTree/Broadleaf/Broadleaf_Desktop Materials/Billboard.mat
  artifactKey: Guid(d68104aea3d1d084385a1acc7c896247) Importer(815301076,1909f56bfc062723c751e8b465ee728b)
Start importing Assets/Standard Assets/Environment/SpeedTree/Broadleaf/Broadleaf_Desktop Materials/Billboard.mat using Guid(d68104aea3d1d084385a1acc7c896247) Importer(815301076,1909f56bfc062723c751e8b465ee728b)  -> (artifact id: 'c4217857fca3ff1541e45b6846ac57fa') in 0.009933 seconds 
  Import took 0.012481 seconds .

========================================================================
Received Import Request.
  Time since last request: 0.160885 seconds.
  path: Assets/Materials/Bola Material.mat
  artifactKey: Guid(4c8d5a388b4603047b2ace575a2e2f1e) Importer(815301076,1909f56bfc062723c751e8b465ee728b)
Start importing Assets/Materials/Bola Material.mat using Guid(4c8d5a388b4603047b2ace575a2e2f1e) Importer(815301076,1909f56bfc062723c751e8b465ee728b)  -> (artifact id: '86697f8699c9fabdb3e691f020cd1f6c') in 0.011321 seconds 
  Import took 0.014696 seconds .

========================================================================
Received Import Request.
  Time since last request: 0.000212 seconds.
  path: Assets/Standard Assets/Environment/SpeedTree/Palm/Palm_Desktop Materials/LOD2/Branches_0.mat
  artifactKey: Guid(5c6bda52f548c164381f24c22067e446) Importer(815301076,1909f56bfc062723c751e8b465ee728b)
Start importing Assets/Standard Assets/Environment/SpeedTree/Palm/Palm_Desktop Materials/LOD2/Branches_0.mat using Guid(5c6bda52f548c164381f24c22067e446) Importer(815301076,1909f56bfc062723c751e8b465ee728b)  -> (artifact id: '50f0cb3750442e30abe2cc72eb7d1578') in 0.039755 seconds 
  Import took 0.042445 seconds .

========================================================================
Received Prepare
Registering precompiled user dll's ...
Registered in 0.004568 seconds.
Begin MonoManager ReloadAssembly
Native extension for WindowsStandalone target not found
Native extension for WebGL target not found
Refreshing native plugins compatible for Editor in 0.40 ms, found 2 plugins.
Preloading 0 native plugins for Editor in 0.00 ms.
Mono: successfully reloaded assembly
- Completed reload, in  0.999 seconds
Domain Reload Profiling:
	ReloadAssembly (1000ms)
		BeginReloadAssembly (104ms)
			ExecutionOrderSort (0ms)
			DisableScriptedObjects (4ms)
			BackupInstance (0ms)
			ReleaseScriptingObjects (0ms)
			CreateAndSetChildDomain (31ms)
		EndReloadAssembly (835ms)
			LoadAssemblies (82ms)
			RebuildTransferFunctionScriptingTraits (0ms)
			SetupTypeCache (259ms)
			ReleaseScriptCaches (1ms)
			RebuildScriptCaches (34ms)
			SetupLoadedEditorAssemblies (367ms)
				LogAssemblyErrors (0ms)
				InitializePlatformSupportModulesInManaged (6ms)
				SetLoadedEditorAssemblies (0ms)
				RefreshPlugins (0ms)
				BeforeProcessingInitializeOnLoad (46ms)
				ProcessInitializeOnLoadAttributes (305ms)
				ProcessInitializeOnLoadMethodAttributes (3ms)
				AfterProcessingInitializeOnLoad (7ms)
				EditorAssembliesLoaded (0ms)
			ExecutionOrderSort2 (0ms)
			AwakeInstancesAfterBackupRestoration (7ms)
Platform modules already initialized, skipping
Refreshing native plugins compatible for Editor in 0.49 ms, found 2 plugins.
Preloading 0 native plugins for Editor in 0.00 ms.
Unloading 1507 Unused Serialized files (Serialized files now loaded: 0)
System memory in use before: 84.5 MB.
System memory in use after: 84.3 MB.

Unloading 15 unused Assets to reduce memory usage. Loaded Objects now: 2018.
Total: 2.367300 ms (FindLiveObjects: 0.202500 ms CreateObjectMapping: 0.058400 ms MarkObjects: 1.820400 ms  DeleteObjects: 0.284900 ms)

AssetImportParameters requested are different than current active one (requested -> active):
  custom:framework-win-MediaFoundation: 216162199b28c13a410421893ffa2e32 -> 
  custom:video-decoder-ogg-theora: a1e56fd34408186e4bbccfd4996cb3dc -> 
  custom:container-muxer-webm: aa71ff27fc2769a1b78a27578f13a17b -> 
  custom:container-demuxer-webm: 4f35f7cbe854078d1ac9338744f61a02 -> 
  custom:container-demuxer-ogg: 62fdf1f143b41e24485cea50d1cbac27 -> 
  custom:video-encoder-webm-vp8: eb34c28f22e8b96e1ab97ce403110664 -> 
  custom:video-decoder-webm-vp8: 9c59270c3fd7afecdb556c50c9e8de78 -> 
  custom:audio-decoder-ogg-vorbis: bf7c407c2cedff20999df2af8eb42d56 -> 
  custom:audio-encoder-webm-vorbis: bf7c407c2cedff20999df2af8eb42d56 -> 
========================================================================
Received Import Request.
  Time since last request: 660.394729 seconds.
  path: Assets/Standard Assets/CrossPlatformInput/Sprites/SliderBackgroundSprite.png
  artifactKey: Guid(ea5873cfd9158664f89459f0c9e1d853) Importer(815301076,1909f56bfc062723c751e8b465ee728b)
Start importing Assets/Standard Assets/CrossPlatformInput/Sprites/SliderBackgroundSprite.png using Guid(ea5873cfd9158664f89459f0c9e1d853) Importer(815301076,1909f56bfc062723c751e8b465ee728b)  -> (artifact id: '22e6cafbf4403a8b7b0b480d30d7cbeb') in 0.114447 seconds 
  Import took 0.117333 seconds .

========================================================================
Received Import Request.
  Time since last request: 0.000300 seconds.
  path: Assets/Standard Assets/CrossPlatformInput/Sprites/SliderHandleSprite.png
  artifactKey: Guid(0626b924325d1c34cafa6b22297f4e4f) Importer(815301076,1909f56bfc062723c751e8b465ee728b)
Start importing Assets/Standard Assets/CrossPlatformInput/Sprites/SliderHandleSprite.png using Guid(0626b924325d1c34cafa6b22297f4e4f) Importer(815301076,1909f56bfc062723c751e8b465ee728b)  -> (artifact id: 'cf85f1984e7d696c30f1185bded2380a') in 0.013901 seconds 
  Import took 0.016647 seconds .

========================================================================
Received Import Request.
  Time since last request: 0.000225 seconds.
  path: Assets/Standard Assets/CrossPlatformInput/Sprites/SliderBackgroundSprite.png
  artifactKey: Guid(ea5873cfd9158664f89459f0c9e1d853) Importer(815301076,1909f56bfc062723c751e8b465ee728b)
Start importing Assets/Standard Assets/CrossPlatformInput/Sprites/SliderBackgroundSprite.png using Guid(ea5873cfd9158664f89459f0c9e1d853) Importer(815301076,1909f56bfc062723c751e8b465ee728b)  -> (artifact id: '22e6cafbf4403a8b7b0b480d30d7cbeb') in 0.013267 seconds 
  Import took 0.015888 seconds .

========================================================================
Received Import Request.
  Time since last request: 0.000204 seconds.
  path: Assets/Standard Assets/CrossPlatformInput/Sprites/TouchpadSprite.png
  artifactKey: Guid(e4f1fee3de32377429fd1348fae62b10) Importer(815301076,1909f56bfc062723c751e8b465ee728b)
Start importing Assets/Standard Assets/CrossPlatformInput/Sprites/TouchpadSprite.png using Guid(e4f1fee3de32377429fd1348fae62b10) Importer(815301076,1909f56bfc062723c751e8b465ee728b)  -> (artifact id: 'f3792941e826f1656bd05a2c4e5e5856') in 0.013241 seconds 
  Import took 0.016095 seconds .

========================================================================
Received Import Request.
  Time since last request: 1.401476 seconds.
  path: Assets/Standard Assets/2D/Sprites/RobotBoyWalkSprite.png
  artifactKey: Guid(feda0c18015b3284cabbc0da85254f9a) Importer(815301076,1909f56bfc062723c751e8b465ee728b)
Start importing Assets/Standard Assets/2D/Sprites/RobotBoyWalkSprite.png using Guid(feda0c18015b3284cabbc0da85254f9a) Importer(815301076,1909f56bfc062723c751e8b465ee728b)  -> (artifact id: '70625bc5231a900290074c5888fda7bb') in 0.066864 seconds 
  Import took 0.069889 seconds .

========================================================================
Received Import Request.
  Time since last request: 1.580086 seconds.
  path: Assets/Standard Assets/2D/Sprites/RobotBoyRunSprite.png
  artifactKey: Guid(803baf1ea73913f46b25e07d0a79df22) Importer(815301076,1909f56bfc062723c751e8b465ee728b)
Start importing Assets/Standard Assets/2D/Sprites/RobotBoyRunSprite.png using Guid(803baf1ea73913f46b25e07d0a79df22) Importer(815301076,1909f56bfc062723c751e8b465ee728b)  -> (artifact id: '0b2a72a841e26f28f8e0b53bb4754a51') in 0.066468 seconds 
  Import took 0.069747 seconds .

========================================================================
Received Import Request.
  Time since last request: 1.401378 seconds.
  path: Assets/Standard Assets/2D/Sprites/RobotBoyRollSprite.png
  artifactKey: Guid(fc67a9002ed4034419f91d0d85bd6b24) Importer(815301076,1909f56bfc062723c751e8b465ee728b)
Start importing Assets/Standard Assets/2D/Sprites/RobotBoyRollSprite.png using Guid(fc67a9002ed4034419f91d0d85bd6b24) Importer(815301076,1909f56bfc062723c751e8b465ee728b)  -> (artifact id: '20854426afc819c167c303ac8eaf0379') in 0.079695 seconds 
  Import took 0.082551 seconds .

========================================================================
Received Import Request.
  Time since last request: 1.070418 seconds.
  path: Assets/Standard Assets/2D/Sprites/RobotBoyJumpSprite.png
  artifactKey: Guid(9e1a2edf6149977479db158e4fbf9671) Importer(815301076,1909f56bfc062723c751e8b465ee728b)
Start importing Assets/Standard Assets/2D/Sprites/RobotBoyJumpSprite.png using Guid(9e1a2edf6149977479db158e4fbf9671) Importer(815301076,1909f56bfc062723c751e8b465ee728b)  -> (artifact id: 'd2c1013695ccb7fb47414cd265ce2be0') in 0.099790 seconds 
  Import took 0.105157 seconds .

========================================================================
Received Import Request.
  Time since last request: 0.000227 seconds.
  path: Assets/Standard Assets/2D/Sprites/RobotBoyIdleSprite.png
  artifactKey: Guid(8fb98a6035269e64a998f9b56828fc4f) Importer(815301076,1909f56bfc062723c751e8b465ee728b)
Start importing Assets/Standard Assets/2D/Sprites/RobotBoyIdleSprite.png using Guid(8fb98a6035269e64a998f9b56828fc4f) Importer(815301076,1909f56bfc062723c751e8b465ee728b)  -> (artifact id: '3d83010afd35e3f3f0b7abcfbeafb5f7') in 0.109751 seconds 
  Import took 0.112590 seconds .

========================================================================
Received Import Request.
  Time since last request: 0.000192 seconds.
  path: Assets/Standard Assets/2D/Sprites/RobotBoyDeathSprite.png
  artifactKey: Guid(f45a39483cf4f914a816af821c9262bb) Importer(815301076,1909f56bfc062723c751e8b465ee728b)
Start importing Assets/Standard Assets/2D/Sprites/RobotBoyDeathSprite.png using Guid(f45a39483cf4f914a816af821c9262bb) Importer(815301076,1909f56bfc062723c751e8b465ee728b)  -> (artifact id: '38a4af5edd3bc08e43bd8f9e4fd76779') in 0.108946 seconds 
  Import took 0.111636 seconds .

========================================================================
Received Import Request.
  Time since last request: 0.000164 seconds.
  path: Assets/Standard Assets/2D/Sprites/RobotBoyCrouchSprite.png
  artifactKey: Guid(d40c191aa46654db7a426d6a1fa3aa30) Importer(815301076,1909f56bfc062723c751e8b465ee728b)
Start importing Assets/Standard Assets/2D/Sprites/RobotBoyCrouchSprite.png using Guid(d40c191aa46654db7a426d6a1fa3aa30) Importer(815301076,1909f56bfc062723c751e8b465ee728b)  -> (artifact id: '79e57e910bb363f04ad103817363449b') in 0.085802 seconds 
  Import took 0.089339 seconds .

========================================================================
Received Import Request.
  Time since last request: 0.000169 seconds.
  path: Assets/Standard Assets/2D/Sprites/PlatformWhiteSprite.png
  artifactKey: Guid(d90a8faf6fb9540b084ef2825cc3a5dc) Importer(815301076,1909f56bfc062723c751e8b465ee728b)
Start importing Assets/Standard Assets/2D/Sprites/PlatformWhiteSprite.png using Guid(d90a8faf6fb9540b084ef2825cc3a5dc) Importer(815301076,1909f56bfc062723c751e8b465ee728b)  -> (artifact id: '54deff8ed286817dd27eb8438e840dc2') in 0.016672 seconds 
  Import took 0.019308 seconds .

========================================================================
Received Import Request.
  Time since last request: 0.000289 seconds.
  path: Assets/Standard Assets/CrossPlatformInput/Sprites/ButtonThumbstickOverSprite.png
  artifactKey: Guid(5485e2f56028a3c4cb54f5caa167377e) Importer(815301076,1909f56bfc062723c751e8b465ee728b)
Start importing Assets/Standard Assets/CrossPlatformInput/Sprites/ButtonThumbstickOverSprite.png using Guid(5485e2f56028a3c4cb54f5caa167377e) Importer(815301076,1909f56bfc062723c751e8b465ee728b)  -> (artifact id: '4709fb03d84c33dd12e8b21a402443ab') in 0.015972 seconds 
  Import took 0.018886 seconds .

========================================================================
Received Import Request.
  Time since last request: 0.000163 seconds.
  path: Assets/Standard Assets/CrossPlatformInput/Sprites/ButtonTimescaleFullUpSprite.png
  artifactKey: Guid(0c6271a290ef75b4c97d58746c86c5b8) Importer(815301076,1909f56bfc062723c751e8b465ee728b)
Start importing Assets/Standard Assets/CrossPlatformInput/Sprites/ButtonTimescaleFullUpSprite.png using Guid(0c6271a290ef75b4c97d58746c86c5b8) Importer(815301076,1909f56bfc062723c751e8b465ee728b)  -> (artifact id: 'e00988ab8274d1a431266d96a8063073') in 0.016763 seconds 
  Import took 0.019466 seconds .

========================================================================
Received Import Request.
  Time since last request: 0.000214 seconds.
  path: Assets/Standard Assets/CrossPlatformInput/Sprites/ButtonBrakeUpSprite.png
  artifactKey: Guid(827c9cd4a3943534f909ac6473e17288) Importer(815301076,1909f56bfc062723c751e8b465ee728b)
Start importing Assets/Standard Assets/CrossPlatformInput/Sprites/ButtonBrakeUpSprite.png using Guid(827c9cd4a3943534f909ac6473e17288) Importer(815301076,1909f56bfc062723c751e8b465ee728b)  -> (artifact id: '0b0fb99122e223eda4c3282de981c768') in 0.013645 seconds 
  Import took 0.016608 seconds .

========================================================================
Received Import Request.
  Time since last request: 0.000186 seconds.
  path: Assets/Standard Assets/CrossPlatformInput/Sprites/ButtonTimescaleSlowUpSprite.png
  artifactKey: Guid(9d7c6e4896067aa4fa512a00f692ac1c) Importer(815301076,1909f56bfc062723c751e8b465ee728b)
Start importing Assets/Standard Assets/CrossPlatformInput/Sprites/ButtonTimescaleSlowUpSprite.png using Guid(9d7c6e4896067aa4fa512a00f692ac1c) Importer(815301076,1909f56bfc062723c751e8b465ee728b)  -> (artifact id: '81338aa73971ca30ee96944a52e05c08') in 0.017606 seconds 
  Import took 0.020488 seconds .

========================================================================
Received Import Request.
  Time since last request: 0.000205 seconds.
  path: Assets/Standard Assets/CrossPlatformInput/Sprites/ButtonArrowOverSprite.png
  artifactKey: Guid(49b611e658efbf443b686a4036f74fe3) Importer(815301076,1909f56bfc062723c751e8b465ee728b)
Start importing Assets/Standard Assets/CrossPlatformInput/Sprites/ButtonArrowOverSprite.png using Guid(49b611e658efbf443b686a4036f74fe3) Importer(815301076,1909f56bfc062723c751e8b465ee728b)  -> (artifact id: '59ad20d293dabfa0924cefed46dae44e') in 0.013131 seconds 
  Import took 0.017326 seconds .

========================================================================
Received Import Request.
  Time since last request: 0.000274 seconds.
  path: Assets/Standard Assets/CrossPlatformInput/Sprites/ButtonBrakeOverSprite.png
  artifactKey: Guid(5b1a64ea234fb2343b8d0686c51280de) Importer(815301076,1909f56bfc062723c751e8b465ee728b)
Start importing Assets/Standard Assets/CrossPlatformInput/Sprites/ButtonBrakeOverSprite.png using Guid(5b1a64ea234fb2343b8d0686c51280de) Importer(815301076,1909f56bfc062723c751e8b465ee728b)  -> (artifact id: 'f09716f4407943d76067da5ccc87abef') in 0.015002 seconds 
  Import took 0.018238 seconds .

========================================================================
Received Import Request.
  Time since last request: 0.000162 seconds.
  path: Assets/Standard Assets/CrossPlatformInput/Sprites/ButtonSpacebarSprite.png
  artifactKey: Guid(3d8675433a508ec47b8f895201eacf20) Importer(815301076,1909f56bfc062723c751e8b465ee728b)
Start importing Assets/Standard Assets/CrossPlatformInput/Sprites/ButtonSpacebarSprite.png using Guid(3d8675433a508ec47b8f895201eacf20) Importer(815301076,1909f56bfc062723c751e8b465ee728b)  -> (artifact id: '1afecb9031b70c0d1ee6b70ea9de4a5f') in 0.016473 seconds 
  Import took 0.019575 seconds .

========================================================================
Received Import Request.
  Time since last request: 0.000168 seconds.
  path: Assets/Standard Assets/2D/Sprites/CratePinkGridSprite.png
  artifactKey: Guid(12ef7cbdfe0e143fa858a324456c8979) Importer(815301076,1909f56bfc062723c751e8b465ee728b)
Start importing Assets/Standard Assets/2D/Sprites/CratePinkGridSprite.png using Guid(12ef7cbdfe0e143fa858a324456c8979) Importer(815301076,1909f56bfc062723c751e8b465ee728b)  -> (artifact id: '0d9b370744cc4c303ff419ad803b8a51') in 0.014265 seconds 
  Import took 0.017370 seconds .

========================================================================
Received Import Request.
  Time since last request: 0.000178 seconds.
  path: Assets/Standard Assets/2D/Sprites/BackgroundGreyGridSprite.png
  artifactKey: Guid(cbbabe9e292f5604897926494bb38fef) Importer(815301076,1909f56bfc062723c751e8b465ee728b)
Start importing Assets/Standard Assets/2D/Sprites/BackgroundGreyGridSprite.png using Guid(cbbabe9e292f5604897926494bb38fef) Importer(815301076,1909f56bfc062723c751e8b465ee728b)  -> (artifact id: '69cce17aa1966d3608104a686aea7e04') in 0.015946 seconds 
  Import took 0.018555 seconds .

========================================================================
Received Import Request.
  Time since last request: 0.000186 seconds.
  path: Assets/Standard Assets/2D/Sprites/BackgroundNavyGridSprite.png
  artifactKey: Guid(1d0c184845252df44a655359de388cb8) Importer(815301076,1909f56bfc062723c751e8b465ee728b)
Start importing Assets/Standard Assets/2D/Sprites/BackgroundNavyGridSprite.png using Guid(1d0c184845252df44a655359de388cb8) Importer(815301076,1909f56bfc062723c751e8b465ee728b)  -> (artifact id: '10962ba854983af78cebb491f9473fad') in 0.014608 seconds 
  Import took 0.017206 seconds .

========================================================================
Received Import Request.
  Time since last request: 0.000217 seconds.
  path: Assets/Standard Assets/CrossPlatformInput/Sprites/ButtonThumbstickUpSprite.png
  artifactKey: Guid(9866a92691696b346901281f2b329034) Importer(815301076,1909f56bfc062723c751e8b465ee728b)
Start importing Assets/Standard Assets/CrossPlatformInput/Sprites/ButtonThumbstickUpSprite.png using Guid(9866a92691696b346901281f2b329034) Importer(815301076,1909f56bfc062723c751e8b465ee728b)  -> (artifact id: '62d0ea20c37b9e923d46a2a19087816c') in 0.016431 seconds 
  Import took 0.019508 seconds .

========================================================================
Received Import Request.
  Time since last request: 0.000174 seconds.
  path: Assets/Standard Assets/CrossPlatformInput/Sprites/ButtonResetSprite.png
  artifactKey: Guid(a94c9a7eb94ceec4a8d67a1890e22e51) Importer(815301076,1909f56bfc062723c751e8b465ee728b)
Start importing Assets/Standard Assets/CrossPlatformInput/Sprites/ButtonResetSprite.png using Guid(a94c9a7eb94ceec4a8d67a1890e22e51) Importer(815301076,1909f56bfc062723c751e8b465ee728b)  -> (artifact id: '885e66beef94ee9b0b5ed59e09b4805c') in 0.013940 seconds 
  Import took 0.016719 seconds .

========================================================================
Received Import Request.
  Time since last request: 0.000173 seconds.
  path: Assets/Standard Assets/CrossPlatformInput/Sprites/ButtonArrowUpSprite.png
  artifactKey: Guid(4db017495c69e8140a56a0e2b669e3f8) Importer(815301076,1909f56bfc062723c751e8b465ee728b)
Start importing Assets/Standard Assets/CrossPlatformInput/Sprites/ButtonArrowUpSprite.png using Guid(4db017495c69e8140a56a0e2b669e3f8) Importer(815301076,1909f56bfc062723c751e8b465ee728b)  -> (artifact id: 'e16b9d820017ca2f17c610fc44730083') in 0.016830 seconds 
  Import took 0.019666 seconds .

========================================================================
Received Import Request.
  Time since last request: 0.000169 seconds.
  path: Assets/Standard Assets/CrossPlatformInput/Sprites/ButtonAcceleratorOverSprite.png
  artifactKey: Guid(eb5f6e2757c821940b69cf1456f7865a) Importer(815301076,1909f56bfc062723c751e8b465ee728b)
Start importing Assets/Standard Assets/CrossPlatformInput/Sprites/ButtonAcceleratorOverSprite.png using Guid(eb5f6e2757c821940b69cf1456f7865a) Importer(815301076,1909f56bfc062723c751e8b465ee728b)  -> (artifact id: '9f2c1b8343f5746424f04c275ae4dc23') in 0.014048 seconds 
  Import took 0.017538 seconds .

========================================================================
Received Import Request.
  Time since last request: 0.000441 seconds.
  path: Assets/Standard Assets/CrossPlatformInput/Sprites/ButtonCameraCycleUpSprite.png
  artifactKey: Guid(a3983c59ebf804b4abba687bd7c9e92f) Importer(815301076,1909f56bfc062723c751e8b465ee728b)
Start importing Assets/Standard Assets/CrossPlatformInput/Sprites/ButtonCameraCycleUpSprite.png using Guid(a3983c59ebf804b4abba687bd7c9e92f) Importer(815301076,1909f56bfc062723c751e8b465ee728b)  -> (artifact id: 'fc77302b1efb4d1bc5c11bb307749db2') in 0.014290 seconds 
  Import took 0.017789 seconds .

========================================================================
Received Import Request.
  Time since last request: 0.000162 seconds.
  path: Assets/Standard Assets/CrossPlatformInput/Sprites/ButtonAcceleratorUpSprite.png
  artifactKey: Guid(f588d850485d0ae479d73cf3bd0b7b00) Importer(815301076,1909f56bfc062723c751e8b465ee728b)
Start importing Assets/Standard Assets/CrossPlatformInput/Sprites/ButtonAcceleratorUpSprite.png using Guid(f588d850485d0ae479d73cf3bd0b7b00) Importer(815301076,1909f56bfc062723c751e8b465ee728b)  -> (artifact id: '299f0564c6859dba15731b4a38c62e6b') in 0.016898 seconds 
  Import took 0.019655 seconds .

========================================================================
Received Import Request.
  Time since last request: 90.976030 seconds.
  path: Assets/Standard Assets/Fonts/OpenSans/OpenSansLight.ttf
  artifactKey: Guid(04a842e316b6f44bf8da702de26a8ed6) Importer(815301076,1909f56bfc062723c751e8b465ee728b)
Start importing Assets/Standard Assets/Fonts/OpenSans/OpenSansLight.ttf using Guid(04a842e316b6f44bf8da702de26a8ed6) Importer(815301076,1909f56bfc062723c751e8b465ee728b)  -> (artifact id: '7135dfea85c93e647530197d7f76d4bc') in 0.065456 seconds 
  Import took 0.069132 seconds .

========================================================================
Received Import Request.
  Time since last request: 0.000184 seconds.
  path: Assets/Standard Assets/Fonts/Unipix.ttf
  artifactKey: Guid(1f16052dfd5f6f54e94e97ecedd4c86b) Importer(815301076,1909f56bfc062723c751e8b465ee728b)
Start importing Assets/Standard Assets/Fonts/Unipix.ttf using Guid(1f16052dfd5f6f54e94e97ecedd4c86b) Importer(815301076,1909f56bfc062723c751e8b465ee728b)  -> (artifact id: '993c7037e6823e61e0d1a92d8517a756') in 0.016225 seconds 
  Import took 0.019828 seconds .

========================================================================
Received Import Request.
  Time since last request: 0.000237 seconds.
  path: Assets/Standard Assets/Fonts/OpenSans/OpenSansRegular.ttf
  artifactKey: Guid(b51a3e520f9164da198dc59c8acfccd6) Importer(815301076,1909f56bfc062723c751e8b465ee728b)
Start importing Assets/Standard Assets/Fonts/OpenSans/OpenSansRegular.ttf using Guid(b51a3e520f9164da198dc59c8acfccd6) Importer(815301076,1909f56bfc062723c751e8b465ee728b)  -> (artifact id: '14a067b01b75665806850d298b153cab') in 0.013999 seconds 
  Import took 0.017075 seconds .

========================================================================
Received Import Request.
  Time since last request: 0.000175 seconds.
  path: Assets/Standard Assets/Fonts/OpenSans/OpenSansSemibold.ttf
  artifactKey: Guid(01cd679a1b9ee48bf9c546f6ce2cb97e) Importer(815301076,1909f56bfc062723c751e8b465ee728b)
Start importing Assets/Standard Assets/Fonts/OpenSans/OpenSansSemibold.ttf using Guid(01cd679a1b9ee48bf9c546f6ce2cb97e) Importer(815301076,1909f56bfc062723c751e8b465ee728b)  -> (artifact id: '85f37b42d35c3f1dbb78a9259e94a836') in 0.016787 seconds 
  Import took 0.019975 seconds .

========================================================================
Received Import Request.
  Time since last request: 0.000162 seconds.
  path: Assets/Standard Assets/Fonts/OpenSans/OpenSansRegular.ttf
  artifactKey: Guid(b51a3e520f9164da198dc59c8acfccd6) Importer(815301076,1909f56bfc062723c751e8b465ee728b)
Start importing Assets/Standard Assets/Fonts/OpenSans/OpenSansRegular.ttf using Guid(b51a3e520f9164da198dc59c8acfccd6) Importer(815301076,1909f56bfc062723c751e8b465ee728b)  -> (artifact id: '14a067b01b75665806850d298b153cab') in 0.011908 seconds 
  Import took 0.014769 seconds .

========================================================================
Received Import Request.
  Time since last request: 0.000190 seconds.
  path: Assets/Standard Assets/Fonts/OpenSans/OpenSansLight.ttf
  artifactKey: Guid(04a842e316b6f44bf8da702de26a8ed6) Importer(815301076,1909f56bfc062723c751e8b465ee728b)
Start importing Assets/Standard Assets/Fonts/OpenSans/OpenSansLight.ttf using Guid(04a842e316b6f44bf8da702de26a8ed6) Importer(815301076,1909f56bfc062723c751e8b465ee728b)  -> (artifact id: '7135dfea85c93e647530197d7f76d4bc') in 0.014026 seconds 
  Import took 0.016623 seconds .

========================================================================
Received Import Request.
  Time since last request: 0.000170 seconds.
  path: Assets/Standard Assets/Fonts/OpenSans/OpenSansSemibold.ttf
  artifactKey: Guid(01cd679a1b9ee48bf9c546f6ce2cb97e) Importer(815301076,1909f56bfc062723c751e8b465ee728b)
Start importing Assets/Standard Assets/Fonts/OpenSans/OpenSansSemibold.ttf using Guid(01cd679a1b9ee48bf9c546f6ce2cb97e) Importer(815301076,1909f56bfc062723c751e8b465ee728b)  -> (artifact id: '85f37b42d35c3f1dbb78a9259e94a836') in 0.009621 seconds 
  Import took 0.012527 seconds .

========================================================================
Received Import Request.
  Time since last request: 0.809905 seconds.
  path: Assets/Standard Assets/Fonts/OpenSans/OpenSansBold.ttf
  artifactKey: Guid(87c316b602156405d92e616621658222) Importer(815301076,1909f56bfc062723c751e8b465ee728b)
Start importing Assets/Standard Assets/Fonts/OpenSans/OpenSansBold.ttf using Guid(87c316b602156405d92e616621658222) Importer(815301076,1909f56bfc062723c751e8b465ee728b)  -> (artifact id: 'c11e2086415ce013cf04c0ae8dad043d') in 0.017775 seconds 
  Import took 0.021064 seconds .

========================================================================
Received Prepare
Registering precompiled user dll's ...
Registered in 0.003994 seconds.
Begin MonoManager ReloadAssembly
Native extension for WindowsStandalone target not found
Native extension for WebGL target not found
Refreshing native plugins compatible for Editor in 0.39 ms, found 2 plugins.
Preloading 0 native plugins for Editor in 0.00 ms.
Mono: successfully reloaded assembly
- Completed reload, in  1.018 seconds
Domain Reload Profiling:
	ReloadAssembly (1019ms)
		BeginReloadAssembly (100ms)
			ExecutionOrderSort (0ms)
			DisableScriptedObjects (4ms)
			BackupInstance (0ms)
			ReleaseScriptingObjects (0ms)
			CreateAndSetChildDomain (32ms)
		EndReloadAssembly (859ms)
			LoadAssemblies (80ms)
			RebuildTransferFunctionScriptingTraits (0ms)
			SetupTypeCache (264ms)
			ReleaseScriptCaches (1ms)
			RebuildScriptCaches (37ms)
			SetupLoadedEditorAssemblies (373ms)
				LogAssemblyErrors (0ms)
				InitializePlatformSupportModulesInManaged (6ms)
				SetLoadedEditorAssemblies (0ms)
				RefreshPlugins (0ms)
				BeforeProcessingInitializeOnLoad (49ms)
				ProcessInitializeOnLoadAttributes (307ms)
				ProcessInitializeOnLoadMethodAttributes (3ms)
				AfterProcessingInitializeOnLoad (6ms)
				EditorAssembliesLoaded (0ms)
			ExecutionOrderSort2 (0ms)
			AwakeInstancesAfterBackupRestoration (6ms)
Platform modules already initialized, skipping
Refreshing native plugins compatible for Editor in 0.40 ms, found 2 plugins.
Preloading 0 native plugins for Editor in 0.00 ms.
Unloading 1507 Unused Serialized files (Serialized files now loaded: 0)
System memory in use before: 84.8 MB.
System memory in use after: 84.5 MB.

Unloading 15 unused Assets to reduce memory usage. Loaded Objects now: 2032.
Total: 2.453100 ms (FindLiveObjects: 0.159000 ms CreateObjectMapping: 0.047100 ms MarkObjects: 1.917900 ms  DeleteObjects: 0.328100 ms)

AssetImportParameters requested are different than current active one (requested -> active):
  custom:framework-win-MediaFoundation: 216162199b28c13a410421893ffa2e32 -> 
  custom:video-decoder-ogg-theora: a1e56fd34408186e4bbccfd4996cb3dc -> 
  custom:container-muxer-webm: aa71ff27fc2769a1b78a27578f13a17b -> 
  custom:container-demuxer-webm: 4f35f7cbe854078d1ac9338744f61a02 -> 
  custom:container-demuxer-ogg: 62fdf1f143b41e24485cea50d1cbac27 -> 
  custom:video-encoder-webm-vp8: eb34c28f22e8b96e1ab97ce403110664 -> 
  custom:video-decoder-webm-vp8: 9c59270c3fd7afecdb556c50c9e8de78 -> 
  custom:audio-decoder-ogg-vorbis: bf7c407c2cedff20999df2af8eb42d56 -> 
  custom:audio-encoder-webm-vorbis: bf7c407c2cedff20999df2af8eb42d56 -> 
========================================================================
Received Prepare
Registering precompiled user dll's ...
Registered in 0.004293 seconds.
Begin MonoManager ReloadAssembly
Native extension for WindowsStandalone target not found
Native extension for WebGL target not found
Refreshing native plugins compatible for Editor in 0.52 ms, found 2 plugins.
Preloading 0 native plugins for Editor in 0.00 ms.
Mono: successfully reloaded assembly
- Completed reload, in  1.053 seconds
Domain Reload Profiling:
	ReloadAssembly (1054ms)
		BeginReloadAssembly (112ms)
			ExecutionOrderSort (0ms)
			DisableScriptedObjects (4ms)
			BackupInstance (0ms)
			ReleaseScriptingObjects (0ms)
			CreateAndSetChildDomain (31ms)
		EndReloadAssembly (881ms)
			LoadAssemblies (82ms)
			RebuildTransferFunctionScriptingTraits (0ms)
			SetupTypeCache (288ms)
			ReleaseScriptCaches (1ms)
			RebuildScriptCaches (36ms)
			SetupLoadedEditorAssemblies (373ms)
				LogAssemblyErrors (0ms)
				InitializePlatformSupportModulesInManaged (7ms)
				SetLoadedEditorAssemblies (0ms)
				RefreshPlugins (1ms)
				BeforeProcessingInitializeOnLoad (50ms)
				ProcessInitializeOnLoadAttributes (302ms)
				ProcessInitializeOnLoadMethodAttributes (4ms)
				AfterProcessingInitializeOnLoad (8ms)
				EditorAssembliesLoaded (0ms)
			ExecutionOrderSort2 (0ms)
			AwakeInstancesAfterBackupRestoration (7ms)
Platform modules already initialized, skipping
Refreshing native plugins compatible for Editor in 0.39 ms, found 2 plugins.
Preloading 0 native plugins for Editor in 0.00 ms.
Unloading 1507 Unused Serialized files (Serialized files now loaded: 0)
System memory in use before: 84.8 MB.
System memory in use after: 84.5 MB.

Unloading 15 unused Assets to reduce memory usage. Loaded Objects now: 2035.
Total: 2.418000 ms (FindLiveObjects: 0.166500 ms CreateObjectMapping: 0.060100 ms MarkObjects: 1.853300 ms  DeleteObjects: 0.336900 ms)

AssetImportParameters requested are different than current active one (requested -> active):
  custom:framework-win-MediaFoundation: 216162199b28c13a410421893ffa2e32 -> 
  custom:video-decoder-ogg-theora: a1e56fd34408186e4bbccfd4996cb3dc -> 
  custom:container-muxer-webm: aa71ff27fc2769a1b78a27578f13a17b -> 
  custom:container-demuxer-webm: 4f35f7cbe854078d1ac9338744f61a02 -> 
  custom:container-demuxer-ogg: 62fdf1f143b41e24485cea50d1cbac27 -> 
  custom:video-encoder-webm-vp8: eb34c28f22e8b96e1ab97ce403110664 -> 
  custom:video-decoder-webm-vp8: 9c59270c3fd7afecdb556c50c9e8de78 -> 
  custom:audio-decoder-ogg-vorbis: bf7c407c2cedff20999df2af8eb42d56 -> 
  custom:audio-encoder-webm-vorbis: bf7c407c2cedff20999df2af8eb42d56 -> 
========================================================================
Received Prepare
Registering precompiled user dll's ...
Registered in 0.003769 seconds.
Begin MonoManager ReloadAssembly
Native extension for WindowsStandalone target not found
Native extension for WebGL target not found
Refreshing native plugins compatible for Editor in 0.40 ms, found 2 plugins.
Preloading 0 native plugins for Editor in 0.00 ms.
Mono: successfully reloaded assembly
- Completed reload, in  0.999 seconds
Domain Reload Profiling:
	ReloadAssembly (999ms)
		BeginReloadAssembly (112ms)
			ExecutionOrderSort (0ms)
			DisableScriptedObjects (4ms)
			BackupInstance (0ms)
			ReleaseScriptingObjects (0ms)
			CreateAndSetChildDomain (31ms)
		EndReloadAssembly (823ms)
			LoadAssemblies (88ms)
			RebuildTransferFunctionScriptingTraits (0ms)
			SetupTypeCache (269ms)
			ReleaseScriptCaches (1ms)
			RebuildScriptCaches (37ms)
			SetupLoadedEditorAssemblies (335ms)
				LogAssemblyErrors (0ms)
				InitializePlatformSupportModulesInManaged (6ms)
				SetLoadedEditorAssemblies (0ms)
				RefreshPlugins (0ms)
				BeforeProcessingInitializeOnLoad (47ms)
				ProcessInitializeOnLoadAttributes (271ms)
				ProcessInitializeOnLoadMethodAttributes (3ms)
				AfterProcessingInitializeOnLoad (7ms)
				EditorAssembliesLoaded (0ms)
			ExecutionOrderSort2 (0ms)
			AwakeInstancesAfterBackupRestoration (8ms)
Platform modules already initialized, skipping
Refreshing native plugins compatible for Editor in 0.38 ms, found 2 plugins.
Preloading 0 native plugins for Editor in 0.00 ms.
Unloading 1507 Unused Serialized files (Serialized files now loaded: 0)
System memory in use before: 84.8 MB.
System memory in use after: 84.5 MB.

Unloading 15 unused Assets to reduce memory usage. Loaded Objects now: 2038.
Total: 3.686800 ms (FindLiveObjects: 0.188700 ms CreateObjectMapping: 0.064600 ms MarkObjects: 2.850600 ms  DeleteObjects: 0.581300 ms)

AssetImportParameters requested are different than current active one (requested -> active):
  custom:framework-win-MediaFoundation: 216162199b28c13a410421893ffa2e32 -> 
  custom:video-decoder-ogg-theora: a1e56fd34408186e4bbccfd4996cb3dc -> 
  custom:container-muxer-webm: aa71ff27fc2769a1b78a27578f13a17b -> 
  custom:container-demuxer-webm: 4f35f7cbe854078d1ac9338744f61a02 -> 
  custom:container-demuxer-ogg: 62fdf1f143b41e24485cea50d1cbac27 -> 
  custom:video-encoder-webm-vp8: eb34c28f22e8b96e1ab97ce403110664 -> 
  custom:video-decoder-webm-vp8: 9c59270c3fd7afecdb556c50c9e8de78 -> 
  custom:audio-decoder-ogg-vorbis: bf7c407c2cedff20999df2af8eb42d56 -> 
  custom:audio-encoder-webm-vorbis: bf7c407c2cedff20999df2af8eb42d56 -> 
========================================================================
Received Import Request.
  Time since last request: 1141.126969 seconds.
  path: Assets/Standard Assets/Effects/LightFlares/Flares/50mmZoom.flare
  artifactKey: Guid(54fbbf098d116effa00081aba8ad6659) Importer(815301076,1909f56bfc062723c751e8b465ee728b)
Start importing Assets/Standard Assets/Effects/LightFlares/Flares/50mmZoom.flare using Guid(54fbbf098d116effa00081aba8ad6659) Importer(815301076,1909f56bfc062723c751e8b465ee728b)  -> (artifact id: 'f96bea12ecfe3b08f5a5b9a33f1d203e') in 0.036867 seconds 
  Import took 0.040145 seconds .

========================================================================
Received Import Request.
  Time since last request: 0.000350 seconds.
  path: Assets/Standard Assets/Vehicles/Car/Audio/AccelerationHigh.wav
  artifactKey: Guid(03e3bd08a6e70684dbe299a3e185fdd2) Importer(815301076,1909f56bfc062723c751e8b465ee728b)
Start importing Assets/Standard Assets/Vehicles/Car/Audio/AccelerationHigh.wav using Guid(03e3bd08a6e70684dbe299a3e185fdd2) Importer(815301076,1909f56bfc062723c751e8b465ee728b)  -> (artifact id: 'b56f8fb3b39729307200f8f602f2e4e5') in 0.075953 seconds 
  Import took 0.079720 seconds .

========================================================================
Received Import Request.
  Time since last request: 0.000469 seconds.
  path: Assets/Standard Assets/Vehicles/Car/Audio/AccelerationLow.wav
  artifactKey: Guid(c4d8928c75c21af43998193f0f038429) Importer(815301076,1909f56bfc062723c751e8b465ee728b)
Start importing Assets/Standard Assets/Vehicles/Car/Audio/AccelerationLow.wav using Guid(c4d8928c75c21af43998193f0f038429) Importer(815301076,1909f56bfc062723c751e8b465ee728b)  -> (artifact id: 'ea119b38f8570cfcb1363616c7a49dc9') in 0.012377 seconds 
  Import took 0.015866 seconds .

========================================================================
Received Import Request.
  Time since last request: 0.000234 seconds.
  path: Assets/Standard Assets/Vehicles/Car/Audio/AccelerationHigh.wav
  artifactKey: Guid(03e3bd08a6e70684dbe299a3e185fdd2) Importer(815301076,1909f56bfc062723c751e8b465ee728b)
Start importing Assets/Standard Assets/Vehicles/Car/Audio/AccelerationHigh.wav using Guid(03e3bd08a6e70684dbe299a3e185fdd2) Importer(815301076,1909f56bfc062723c751e8b465ee728b)  -> (artifact id: 'b56f8fb3b39729307200f8f602f2e4e5') in 0.007978 seconds 
  Import took 0.010822 seconds .

========================================================================
Received Import Request.
  Time since last request: 4.518073 seconds.
  path: Assets/Standard Assets/ParticleSystems/Prefabs/Afterburner.prefab
  artifactKey: Guid(d8c41be67f41aa545ae053b0b927f821) Importer(815301076,1909f56bfc062723c751e8b465ee728b)
Start importing Assets/Standard Assets/ParticleSystems/Prefabs/Afterburner.prefab using Guid(d8c41be67f41aa545ae053b0b927f821) Importer(815301076,1909f56bfc062723c751e8b465ee728b)  -> (artifact id: '0de85fe0b86a2d8dfcdd2d8ec41ec1f3') in 0.036882 seconds 
  Import took 0.039835 seconds .

========================================================================
Received Import Request.
  Time since last request: 0.809662 seconds.
  path: Assets/Standard Assets/Vehicles/Aircraft/Models/AircraftFuselage.fbx
  artifactKey: Guid(4fea6053a1424d44daf193f09be2d491) Importer(815301076,1909f56bfc062723c751e8b465ee728b)
Start importing Assets/Standard Assets/Vehicles/Aircraft/Models/AircraftFuselage.fbx using Guid(4fea6053a1424d44daf193f09be2d491) Importer(815301076,1909f56bfc062723c751e8b465ee728b)  -> (artifact id: '491f0e62ebcf3e1e6c106d3515c78894') in 0.131158 seconds 
  Import took 0.135705 seconds .

========================================================================
Received Import Request.
  Time since last request: 0.000236 seconds.
  path: Assets/Standard Assets/Vehicles/Aircraft/Textures/AircraftFuselageNormals.png
  artifactKey: Guid(c7e9ae087ac710a4980ed418c192e2fb) Importer(815301076,1909f56bfc062723c751e8b465ee728b)
Start importing Assets/Standard Assets/Vehicles/Aircraft/Textures/AircraftFuselageNormals.png using Guid(c7e9ae087ac710a4980ed418c192e2fb) Importer(815301076,1909f56bfc062723c751e8b465ee728b)  -> (artifact id: '336fb1179fbcef371a347968e67eb18a') in 0.046726 seconds 
  Import took 0.051479 seconds .

========================================================================
Received Import Request.
  Time since last request: 0.000213 seconds.
  path: Assets/Standard Assets/Vehicles/Aircraft/Textures/AircraftFuselageOcclusion.png
  artifactKey: Guid(d378ff11c42566d46b0b11cd91eca3a3) Importer(815301076,1909f56bfc062723c751e8b465ee728b)
Start importing Assets/Standard Assets/Vehicles/Aircraft/Textures/AircraftFuselageOcclusion.png using Guid(d378ff11c42566d46b0b11cd91eca3a3) Importer(815301076,1909f56bfc062723c751e8b465ee728b)  -> (artifact id: '5a85bbfecdc80dc73a7ec2694b080ee2') in 0.028578 seconds 
  Import took 0.031923 seconds .

========================================================================
Received Prepare
Registering precompiled user dll's ...
Registered in 0.006450 seconds.
Begin MonoManager ReloadAssembly
Native extension for WindowsStandalone target not found
Native extension for WebGL target not found
Refreshing native plugins compatible for Editor in 0.40 ms, found 2 plugins.
Preloading 0 native plugins for Editor in 0.00 ms.
Mono: successfully reloaded assembly
- Completed reload, in  1.013 seconds
Domain Reload Profiling:
	ReloadAssembly (1014ms)
		BeginReloadAssembly (110ms)
			ExecutionOrderSort (0ms)
			DisableScriptedObjects (4ms)
			BackupInstance (0ms)
			ReleaseScriptingObjects (0ms)
			CreateAndSetChildDomain (34ms)
		EndReloadAssembly (840ms)
			LoadAssemblies (90ms)
			RebuildTransferFunctionScriptingTraits (0ms)
			SetupTypeCache (267ms)
			ReleaseScriptCaches (1ms)
			RebuildScriptCaches (36ms)
			SetupLoadedEditorAssemblies (344ms)
				LogAssemblyErrors (0ms)
				InitializePlatformSupportModulesInManaged (7ms)
				SetLoadedEditorAssemblies (0ms)
				RefreshPlugins (0ms)
				BeforeProcessingInitializeOnLoad (45ms)
				ProcessInitializeOnLoadAttributes (278ms)
				ProcessInitializeOnLoadMethodAttributes (3ms)
				AfterProcessingInitializeOnLoad (9ms)
				EditorAssembliesLoaded (0ms)
			ExecutionOrderSort2 (0ms)
			AwakeInstancesAfterBackupRestoration (7ms)
Platform modules already initialized, skipping
Refreshing native plugins compatible for Editor in 0.38 ms, found 2 plugins.
Preloading 0 native plugins for Editor in 0.00 ms.
Unloading 1507 Unused Serialized files (Serialized files now loaded: 0)
System memory in use before: 85.1 MB.
System memory in use after: 84.8 MB.

Unloading 16 unused Assets to reduce memory usage. Loaded Objects now: 2050.
Total: 4.249700 ms (FindLiveObjects: 0.165400 ms CreateObjectMapping: 0.050900 ms MarkObjects: 3.427100 ms  DeleteObjects: 0.604500 ms)

AssetImportParameters requested are different than current active one (requested -> active):
  custom:framework-win-MediaFoundation: 216162199b28c13a410421893ffa2e32 -> 
  custom:video-decoder-ogg-theora: a1e56fd34408186e4bbccfd4996cb3dc -> 
  custom:container-muxer-webm: aa71ff27fc2769a1b78a27578f13a17b -> 
  custom:container-demuxer-webm: 4f35f7cbe854078d1ac9338744f61a02 -> 
  custom:container-demuxer-ogg: 62fdf1f143b41e24485cea50d1cbac27 -> 
  custom:video-encoder-webm-vp8: eb34c28f22e8b96e1ab97ce403110664 -> 
  custom:video-decoder-webm-vp8: 9c59270c3fd7afecdb556c50c9e8de78 -> 
  custom:audio-decoder-ogg-vorbis: bf7c407c2cedff20999df2af8eb42d56 -> 
  custom:audio-encoder-webm-vorbis: bf7c407c2cedff20999df2af8eb42d56 -> 
========================================================================
Received Prepare
Registering precompiled user dll's ...
Registered in 0.006509 seconds.
Begin MonoManager ReloadAssembly
Native extension for WindowsStandalone target not found
Native extension for WebGL target not found
Refreshing native plugins compatible for Editor in 0.40 ms, found 2 plugins.
Preloading 0 native plugins for Editor in 0.00 ms.
Mono: successfully reloaded assembly
- Completed reload, in  1.112 seconds
Domain Reload Profiling:
	ReloadAssembly (1113ms)
		BeginReloadAssembly (132ms)
			ExecutionOrderSort (0ms)
			DisableScriptedObjects (4ms)
			BackupInstance (0ms)
			ReleaseScriptingObjects (0ms)
			CreateAndSetChildDomain (53ms)
		EndReloadAssembly (915ms)
			LoadAssemblies (107ms)
			RebuildTransferFunctionScriptingTraits (0ms)
			SetupTypeCache (278ms)
			ReleaseScriptCaches (1ms)
			RebuildScriptCaches (37ms)
			SetupLoadedEditorAssemblies (369ms)
				LogAssemblyErrors (0ms)
				InitializePlatformSupportModulesInManaged (6ms)
				SetLoadedEditorAssemblies (0ms)
				RefreshPlugins (0ms)
				BeforeProcessingInitializeOnLoad (47ms)
				ProcessInitializeOnLoadAttributes (304ms)
				ProcessInitializeOnLoadMethodAttributes (4ms)
				AfterProcessingInitializeOnLoad (8ms)
				EditorAssembliesLoaded (0ms)
			ExecutionOrderSort2 (0ms)
			AwakeInstancesAfterBackupRestoration (7ms)
Platform modules already initialized, skipping
Refreshing native plugins compatible for Editor in 0.51 ms, found 2 plugins.
Preloading 0 native plugins for Editor in 0.00 ms.
Unloading 1507 Unused Serialized files (Serialized files now loaded: 0)
System memory in use before: 85.1 MB.
System memory in use after: 84.8 MB.

Unloading 15 unused Assets to reduce memory usage. Loaded Objects now: 2053.
Total: 2.463500 ms (FindLiveObjects: 0.176000 ms CreateObjectMapping: 0.051500 ms MarkObjects: 1.889800 ms  DeleteObjects: 0.345000 ms)

AssetImportParameters requested are different than current active one (requested -> active):
  custom:framework-win-MediaFoundation: 216162199b28c13a410421893ffa2e32 -> 
  custom:video-decoder-ogg-theora: a1e56fd34408186e4bbccfd4996cb3dc -> 
  custom:container-muxer-webm: aa71ff27fc2769a1b78a27578f13a17b -> 
  custom:container-demuxer-webm: 4f35f7cbe854078d1ac9338744f61a02 -> 
  custom:container-demuxer-ogg: 62fdf1f143b41e24485cea50d1cbac27 -> 
  custom:video-encoder-webm-vp8: eb34c28f22e8b96e1ab97ce403110664 -> 
  custom:video-decoder-webm-vp8: 9c59270c3fd7afecdb556c50c9e8de78 -> 
  custom:audio-decoder-ogg-vorbis: bf7c407c2cedff20999df2af8eb42d56 -> 
  custom:audio-encoder-webm-vorbis: bf7c407c2cedff20999df2af8eb42d56 -> 
========================================================================
Received Prepare
Registering precompiled user dll's ...
Registered in 0.004043 seconds.
Begin MonoManager ReloadAssembly
Native extension for WindowsStandalone target not found
Native extension for WebGL target not found
Refreshing native plugins compatible for Editor in 0.55 ms, found 2 plugins.
Preloading 0 native plugins for Editor in 0.00 ms.
Mono: successfully reloaded assembly
- Completed reload, in  1.034 seconds
Domain Reload Profiling:
	ReloadAssembly (1034ms)
		BeginReloadAssembly (112ms)
			ExecutionOrderSort (0ms)
			DisableScriptedObjects (5ms)
			BackupInstance (0ms)
			ReleaseScriptingObjects (0ms)
			CreateAndSetChildDomain (31ms)
		EndReloadAssembly (858ms)
			LoadAssemblies (92ms)
			RebuildTransferFunctionScriptingTraits (0ms)
			SetupTypeCache (275ms)
			ReleaseScriptCaches (1ms)
			RebuildScriptCaches (38ms)
			SetupLoadedEditorAssemblies (351ms)
				LogAssemblyErrors (0ms)
				InitializePlatformSupportModulesInManaged (6ms)
				SetLoadedEditorAssemblies (0ms)
				RefreshPlugins (1ms)
				BeforeProcessingInitializeOnLoad (47ms)
				ProcessInitializeOnLoadAttributes (286ms)
				ProcessInitializeOnLoadMethodAttributes (3ms)
				AfterProcessingInitializeOnLoad (7ms)
				EditorAssembliesLoaded (0ms)
			ExecutionOrderSort2 (0ms)
			AwakeInstancesAfterBackupRestoration (8ms)
Platform modules already initialized, skipping
Refreshing native plugins compatible for Editor in 0.39 ms, found 2 plugins.
Preloading 0 native plugins for Editor in 0.00 ms.
Unloading 1507 Unused Serialized files (Serialized files now loaded: 0)
System memory in use before: 85.1 MB.
System memory in use after: 84.9 MB.

Unloading 15 unused Assets to reduce memory usage. Loaded Objects now: 2056.
Total: 2.914800 ms (FindLiveObjects: 0.257600 ms CreateObjectMapping: 0.068400 ms MarkObjects: 2.252900 ms  DeleteObjects: 0.334300 ms)

AssetImportParameters requested are different than current active one (requested -> active):
  custom:framework-win-MediaFoundation: 216162199b28c13a410421893ffa2e32 -> 
  custom:video-decoder-ogg-theora: a1e56fd34408186e4bbccfd4996cb3dc -> 
  custom:container-muxer-webm: aa71ff27fc2769a1b78a27578f13a17b -> 
  custom:container-demuxer-webm: 4f35f7cbe854078d1ac9338744f61a02 -> 
  custom:container-demuxer-ogg: 62fdf1f143b41e24485cea50d1cbac27 -> 
  custom:video-encoder-webm-vp8: eb34c28f22e8b96e1ab97ce403110664 -> 
  custom:video-decoder-webm-vp8: 9c59270c3fd7afecdb556c50c9e8de78 -> 
  custom:audio-decoder-ogg-vorbis: bf7c407c2cedff20999df2af8eb42d56 -> 
  custom:audio-encoder-webm-vorbis: bf7c407c2cedff20999df2af8eb42d56 -> 
========================================================================
Received Prepare
Registering precompiled user dll's ...
Registered in 0.004313 seconds.
Begin MonoManager ReloadAssembly
Native extension for WindowsStandalone target not found
Native extension for WebGL target not found
Refreshing native plugins compatible for Editor in 0.58 ms, found 2 plugins.
Preloading 0 native plugins for Editor in 0.00 ms.
Mono: successfully reloaded assembly
- Completed reload, in  1.011 seconds
Domain Reload Profiling:
	ReloadAssembly (1012ms)
		BeginReloadAssembly (107ms)
			ExecutionOrderSort (0ms)
			DisableScriptedObjects (6ms)
			BackupInstance (0ms)
			ReleaseScriptingObjects (0ms)
			CreateAndSetChildDomain (30ms)
		EndReloadAssembly (844ms)
			LoadAssemblies (84ms)
			RebuildTransferFunctionScriptingTraits (0ms)
			SetupTypeCache (260ms)
			ReleaseScriptCaches (1ms)
			RebuildScriptCaches (41ms)
			SetupLoadedEditorAssemblies (359ms)
				LogAssemblyErrors (0ms)
				InitializePlatformSupportModulesInManaged (7ms)
				SetLoadedEditorAssemblies (1ms)
				RefreshPlugins (1ms)
				BeforeProcessingInitializeOnLoad (47ms)
				ProcessInitializeOnLoadAttributes (293ms)
				ProcessInitializeOnLoadMethodAttributes (3ms)
				AfterProcessingInitializeOnLoad (7ms)
				EditorAssembliesLoaded (0ms)
			ExecutionOrderSort2 (0ms)
			AwakeInstancesAfterBackupRestoration (8ms)
Platform modules already initialized, skipping
Refreshing native plugins compatible for Editor in 0.38 ms, found 2 plugins.
Preloading 0 native plugins for Editor in 0.00 ms.
Unloading 1507 Unused Serialized files (Serialized files now loaded: 0)
System memory in use before: 85.2 MB.
System memory in use after: 84.9 MB.

Unloading 15 unused Assets to reduce memory usage. Loaded Objects now: 2059.
Total: 2.591100 ms (FindLiveObjects: 0.151400 ms CreateObjectMapping: 0.042300 ms MarkObjects: 2.024700 ms  DeleteObjects: 0.371400 ms)

AssetImportParameters requested are different than current active one (requested -> active):
  custom:framework-win-MediaFoundation: 216162199b28c13a410421893ffa2e32 -> 
  custom:video-decoder-ogg-theora: a1e56fd34408186e4bbccfd4996cb3dc -> 
  custom:container-muxer-webm: aa71ff27fc2769a1b78a27578f13a17b -> 
  custom:container-demuxer-webm: 4f35f7cbe854078d1ac9338744f61a02 -> 
  custom:container-demuxer-ogg: 62fdf1f143b41e24485cea50d1cbac27 -> 
  custom:video-encoder-webm-vp8: eb34c28f22e8b96e1ab97ce403110664 -> 
  custom:video-decoder-webm-vp8: 9c59270c3fd7afecdb556c50c9e8de78 -> 
  custom:audio-decoder-ogg-vorbis: bf7c407c2cedff20999df2af8eb42d56 -> 
  custom:audio-encoder-webm-vorbis: bf7c407c2cedff20999df2af8eb42d56 -> 
========================================================================
Received Prepare
Registering precompiled user dll's ...
Registered in 0.004446 seconds.
Begin MonoManager ReloadAssembly
Native extension for WindowsStandalone target not found
Native extension for WebGL target not found
Refreshing native plugins compatible for Editor in 0.47 ms, found 2 plugins.
Preloading 0 native plugins for Editor in 0.00 ms.
Mono: successfully reloaded assembly
- Completed reload, in  1.483 seconds
Domain Reload Profiling:
	ReloadAssembly (1484ms)
		BeginReloadAssembly (119ms)
			ExecutionOrderSort (0ms)
			DisableScriptedObjects (6ms)
			BackupInstance (0ms)
			ReleaseScriptingObjects (0ms)
			CreateAndSetChildDomain (36ms)
		EndReloadAssembly (1292ms)
			LoadAssemblies (98ms)
			RebuildTransferFunctionScriptingTraits (0ms)
			SetupTypeCache (364ms)
			ReleaseScriptCaches (2ms)
			RebuildScriptCaches (138ms)
			SetupLoadedEditorAssemblies (465ms)
				LogAssemblyErrors (0ms)
				InitializePlatformSupportModulesInManaged (10ms)
				SetLoadedEditorAssemblies (1ms)
				RefreshPlugins (1ms)
				BeforeProcessingInitializeOnLoad (60ms)
				ProcessInitializeOnLoadAttributes (380ms)
				ProcessInitializeOnLoadMethodAttributes (4ms)
				AfterProcessingInitializeOnLoad (9ms)
				EditorAssembliesLoaded (0ms)
			ExecutionOrderSort2 (0ms)
			AwakeInstancesAfterBackupRestoration (12ms)
Platform modules already initialized, skipping
Refreshing native plugins compatible for Editor in 0.57 ms, found 2 plugins.
Preloading 0 native plugins for Editor in 0.00 ms.
Unloading 1507 Unused Serialized files (Serialized files now loaded: 0)
System memory in use before: 85.2 MB.
System memory in use after: 84.9 MB.

Unloading 15 unused Assets to reduce memory usage. Loaded Objects now: 2062.
Total: 3.707000 ms (FindLiveObjects: 0.366600 ms CreateObjectMapping: 0.152300 ms MarkObjects: 2.627300 ms  DeleteObjects: 0.559300 ms)

AssetImportParameters requested are different than current active one (requested -> active):
  custom:framework-win-MediaFoundation: 216162199b28c13a410421893ffa2e32 -> 
  custom:video-decoder-ogg-theora: a1e56fd34408186e4bbccfd4996cb3dc -> 
  custom:container-muxer-webm: aa71ff27fc2769a1b78a27578f13a17b -> 
  custom:container-demuxer-webm: 4f35f7cbe854078d1ac9338744f61a02 -> 
  custom:container-demuxer-ogg: 62fdf1f143b41e24485cea50d1cbac27 -> 
  custom:video-encoder-webm-vp8: eb34c28f22e8b96e1ab97ce403110664 -> 
  custom:video-decoder-webm-vp8: 9c59270c3fd7afecdb556c50c9e8de78 -> 
  custom:audio-decoder-ogg-vorbis: bf7c407c2cedff20999df2af8eb42d56 -> 
  custom:audio-encoder-webm-vorbis: bf7c407c2cedff20999df2af8eb42d56 -> 
========================================================================
Received Prepare
Registering precompiled user dll's ...
Registered in 0.003795 seconds.
Begin MonoManager ReloadAssembly
Native extension for WindowsStandalone target not found
Native extension for WebGL target not found
Refreshing native plugins compatible for Editor in 0.44 ms, found 2 plugins.
Preloading 0 native plugins for Editor in 0.00 ms.
Mono: successfully reloaded assembly
- Completed reload, in  0.955 seconds
Domain Reload Profiling:
	ReloadAssembly (955ms)
		BeginReloadAssembly (97ms)
			ExecutionOrderSort (0ms)
			DisableScriptedObjects (5ms)
			BackupInstance (0ms)
			ReleaseScriptingObjects (0ms)
			CreateAndSetChildDomain (26ms)
		EndReloadAssembly (799ms)
			LoadAssemblies (77ms)
			RebuildTransferFunctionScriptingTraits (0ms)
			SetupTypeCache (254ms)
			ReleaseScriptCaches (1ms)
			RebuildScriptCaches (36ms)
			SetupLoadedEditorAssemblies (337ms)
				LogAssemblyErrors (0ms)
				InitializePlatformSupportModulesInManaged (5ms)
				SetLoadedEditorAssemblies (0ms)
				RefreshPlugins (0ms)
				BeforeProcessingInitializeOnLoad (46ms)
				ProcessInitializeOnLoadAttributes (274ms)
				ProcessInitializeOnLoadMethodAttributes (3ms)
				AfterProcessingInitializeOnLoad (7ms)
				EditorAssembliesLoaded (0ms)
			ExecutionOrderSort2 (0ms)
			AwakeInstancesAfterBackupRestoration (7ms)
Platform modules already initialized, skipping
Refreshing native plugins compatible for Editor in 0.42 ms, found 2 plugins.
Preloading 0 native plugins for Editor in 0.00 ms.
Unloading 1507 Unused Serialized files (Serialized files now loaded: 0)
System memory in use before: 85.2 MB.
System memory in use after: 84.9 MB.

Unloading 15 unused Assets to reduce memory usage. Loaded Objects now: 2065.
Total: 2.511100 ms (FindLiveObjects: 0.159200 ms CreateObjectMapping: 0.047500 ms MarkObjects: 1.951500 ms  DeleteObjects: 0.351700 ms)

AssetImportParameters requested are different than current active one (requested -> active):
  custom:framework-win-MediaFoundation: 216162199b28c13a410421893ffa2e32 -> 
  custom:video-decoder-ogg-theora: a1e56fd34408186e4bbccfd4996cb3dc -> 
  custom:container-muxer-webm: aa71ff27fc2769a1b78a27578f13a17b -> 
  custom:container-demuxer-webm: 4f35f7cbe854078d1ac9338744f61a02 -> 
  custom:container-demuxer-ogg: 62fdf1f143b41e24485cea50d1cbac27 -> 
  custom:video-encoder-webm-vp8: eb34c28f22e8b96e1ab97ce403110664 -> 
  custom:video-decoder-webm-vp8: 9c59270c3fd7afecdb556c50c9e8de78 -> 
  custom:audio-decoder-ogg-vorbis: bf7c407c2cedff20999df2af8eb42d56 -> 
  custom:audio-encoder-webm-vorbis: bf7c407c2cedff20999df2af8eb42d56 -> 
========================================================================
Received Prepare
Registering precompiled user dll's ...
Registered in 0.003903 seconds.
Begin MonoManager ReloadAssembly
Native extension for WindowsStandalone target not found
Native extension for WebGL target not found
Refreshing native plugins compatible for Editor in 0.39 ms, found 2 plugins.
Preloading 0 native plugins for Editor in 0.00 ms.
Mono: successfully reloaded assembly
- Completed reload, in  0.950 seconds
Domain Reload Profiling:
	ReloadAssembly (950ms)
		BeginReloadAssembly (100ms)
			ExecutionOrderSort (0ms)
			DisableScriptedObjects (4ms)
			BackupInstance (0ms)
			ReleaseScriptingObjects (0ms)
			CreateAndSetChildDomain (28ms)
		EndReloadAssembly (790ms)
			LoadAssemblies (79ms)
			RebuildTransferFunctionScriptingTraits (0ms)
			SetupTypeCache (250ms)
			ReleaseScriptCaches (1ms)
			RebuildScriptCaches (36ms)
			SetupLoadedEditorAssemblies (334ms)
				LogAssemblyErrors (0ms)
				InitializePlatformSupportModulesInManaged (6ms)
				SetLoadedEditorAssemblies (0ms)
				RefreshPlugins (0ms)
				BeforeProcessingInitializeOnLoad (45ms)
				ProcessInitializeOnLoadAttributes (272ms)
				ProcessInitializeOnLoadMethodAttributes (3ms)
				AfterProcessingInitializeOnLoad (7ms)
				EditorAssembliesLoaded (0ms)
			ExecutionOrderSort2 (0ms)
			AwakeInstancesAfterBackupRestoration (6ms)
Platform modules already initialized, skipping
Refreshing native plugins compatible for Editor in 0.40 ms, found 2 plugins.
Preloading 0 native plugins for Editor in 0.00 ms.
Unloading 1507 Unused Serialized files (Serialized files now loaded: 0)
System memory in use before: 85.2 MB.
System memory in use after: 84.9 MB.

Unloading 15 unused Assets to reduce memory usage. Loaded Objects now: 2068.
Total: 2.484300 ms (FindLiveObjects: 0.226300 ms CreateObjectMapping: 0.067500 ms MarkObjects: 1.829100 ms  DeleteObjects: 0.360300 ms)

AssetImportParameters requested are different than current active one (requested -> active):
  custom:framework-win-MediaFoundation: 216162199b28c13a410421893ffa2e32 -> 
  custom:video-decoder-ogg-theora: a1e56fd34408186e4bbccfd4996cb3dc -> 
  custom:container-muxer-webm: aa71ff27fc2769a1b78a27578f13a17b -> 
  custom:container-demuxer-webm: 4f35f7cbe854078d1ac9338744f61a02 -> 
  custom:container-demuxer-ogg: 62fdf1f143b41e24485cea50d1cbac27 -> 
  custom:video-encoder-webm-vp8: eb34c28f22e8b96e1ab97ce403110664 -> 
  custom:video-decoder-webm-vp8: 9c59270c3fd7afecdb556c50c9e8de78 -> 
  custom:audio-decoder-ogg-vorbis: bf7c407c2cedff20999df2af8eb42d56 -> 
  custom:audio-encoder-webm-vorbis: bf7c407c2cedff20999df2af8eb42d56 -> 
========================================================================
Received Prepare
Registering precompiled user dll's ...
Registered in 0.003973 seconds.
Begin MonoManager ReloadAssembly
Native extension for WindowsStandalone target not found
Native extension for WebGL target not found
Refreshing native plugins compatible for Editor in 0.40 ms, found 2 plugins.
Preloading 0 native plugins for Editor in 0.00 ms.
Mono: successfully reloaded assembly
- Completed reload, in  0.964 seconds
Domain Reload Profiling:
	ReloadAssembly (964ms)
		BeginReloadAssembly (107ms)
			ExecutionOrderSort (0ms)
			DisableScriptedObjects (4ms)
			BackupInstance (0ms)
			ReleaseScriptingObjects (0ms)
			CreateAndSetChildDomain (28ms)
		EndReloadAssembly (798ms)
			LoadAssemblies (79ms)
			RebuildTransferFunctionScriptingTraits (0ms)
			SetupTypeCache (252ms)
			ReleaseScriptCaches (1ms)
			RebuildScriptCaches (36ms)
			SetupLoadedEditorAssemblies (337ms)
				LogAssemblyErrors (0ms)
				InitializePlatformSupportModulesInManaged (6ms)
				SetLoadedEditorAssemblies (1ms)
				RefreshPlugins (0ms)
				BeforeProcessingInitializeOnLoad (46ms)
				ProcessInitializeOnLoadAttributes (274ms)
				ProcessInitializeOnLoadMethodAttributes (3ms)
				AfterProcessingInitializeOnLoad (6ms)
				EditorAssembliesLoaded (0ms)
			ExecutionOrderSort2 (0ms)
			AwakeInstancesAfterBackupRestoration (6ms)
Platform modules already initialized, skipping
Refreshing native plugins compatible for Editor in 0.40 ms, found 2 plugins.
Preloading 0 native plugins for Editor in 0.00 ms.
Unloading 1507 Unused Serialized files (Serialized files now loaded: 0)
System memory in use before: 85.2 MB.
System memory in use after: 84.9 MB.

Unloading 15 unused Assets to reduce memory usage. Loaded Objects now: 2071.
Total: 2.450400 ms (FindLiveObjects: 0.162500 ms CreateObjectMapping: 0.048400 ms MarkObjects: 1.889600 ms  DeleteObjects: 0.348800 ms)

AssetImportParameters requested are different than current active one (requested -> active):
  custom:framework-win-MediaFoundation: 216162199b28c13a410421893ffa2e32 -> 
  custom:video-decoder-ogg-theora: a1e56fd34408186e4bbccfd4996cb3dc -> 
  custom:container-muxer-webm: aa71ff27fc2769a1b78a27578f13a17b -> 
  custom:container-demuxer-webm: 4f35f7cbe854078d1ac9338744f61a02 -> 
  custom:container-demuxer-ogg: 62fdf1f143b41e24485cea50d1cbac27 -> 
  custom:video-encoder-webm-vp8: eb34c28f22e8b96e1ab97ce403110664 -> 
  custom:video-decoder-webm-vp8: 9c59270c3fd7afecdb556c50c9e8de78 -> 
  custom:audio-decoder-ogg-vorbis: bf7c407c2cedff20999df2af8eb42d56 -> 
  custom:audio-encoder-webm-vorbis: bf7c407c2cedff20999df2af8eb42d56 -> 
========================================================================
Received Prepare
Registering precompiled user dll's ...
Registered in 0.004003 seconds.
Begin MonoManager ReloadAssembly
Native extension for WindowsStandalone target not found
Native extension for WebGL target not found
Refreshing native plugins compatible for Editor in 0.39 ms, found 2 plugins.
Preloading 0 native plugins for Editor in 0.00 ms.
Mono: successfully reloaded assembly
- Completed reload, in  0.967 seconds
Domain Reload Profiling:
	ReloadAssembly (967ms)
		BeginReloadAssembly (110ms)
			ExecutionOrderSort (0ms)
			DisableScriptedObjects (4ms)
			BackupInstance (0ms)
			ReleaseScriptingObjects (0ms)
			CreateAndSetChildDomain (28ms)
		EndReloadAssembly (791ms)
			LoadAssemblies (80ms)
			RebuildTransferFunctionScriptingTraits (0ms)
			SetupTypeCache (265ms)
			ReleaseScriptCaches (1ms)
			RebuildScriptCaches (33ms)
			SetupLoadedEditorAssemblies (323ms)
				LogAssemblyErrors (0ms)
				InitializePlatformSupportModulesInManaged (5ms)
				SetLoadedEditorAssemblies (1ms)
				RefreshPlugins (0ms)
				BeforeProcessingInitializeOnLoad (43ms)
				ProcessInitializeOnLoadAttributes (264ms)
				ProcessInitializeOnLoadMethodAttributes (3ms)
				AfterProcessingInitializeOnLoad (6ms)
				EditorAssembliesLoaded (0ms)
			ExecutionOrderSort2 (0ms)
			AwakeInstancesAfterBackupRestoration (6ms)
Platform modules already initialized, skipping
Refreshing native plugins compatible for Editor in 0.38 ms, found 2 plugins.
Preloading 0 native plugins for Editor in 0.00 ms.
Unloading 1507 Unused Serialized files (Serialized files now loaded: 0)
System memory in use before: 85.2 MB.
System memory in use after: 84.9 MB.

Unloading 15 unused Assets to reduce memory usage. Loaded Objects now: 2074.
Total: 2.622300 ms (FindLiveObjects: 0.154200 ms CreateObjectMapping: 0.045300 ms MarkObjects: 2.082500 ms  DeleteObjects: 0.339100 ms)

AssetImportParameters requested are different than current active one (requested -> active):
  custom:framework-win-MediaFoundation: 216162199b28c13a410421893ffa2e32 -> 
  custom:video-decoder-ogg-theora: a1e56fd34408186e4bbccfd4996cb3dc -> 
  custom:container-muxer-webm: aa71ff27fc2769a1b78a27578f13a17b -> 
  custom:container-demuxer-webm: 4f35f7cbe854078d1ac9338744f61a02 -> 
  custom:container-demuxer-ogg: 62fdf1f143b41e24485cea50d1cbac27 -> 
  custom:video-encoder-webm-vp8: eb34c28f22e8b96e1ab97ce403110664 -> 
  custom:video-decoder-webm-vp8: 9c59270c3fd7afecdb556c50c9e8de78 -> 
  custom:audio-decoder-ogg-vorbis: bf7c407c2cedff20999df2af8eb42d56 -> 
  custom:audio-encoder-webm-vorbis: bf7c407c2cedff20999df2af8eb42d56 -> 
AssetImportWorkerClient::OnTransportError - code=2 error=End of file
